[     556ms] [INFO] %cDownload the React DevTools for a better development experience: https://react.dev/link/react-devtools font-weight:bold @ http://localhost:3000/_next/static/chunks/17tk_%40sentry_core_build_esm_0ff6m-w._.js:8898
[     579ms] [LOG] [HMR] connected @ http://localhost:3000/_next/static/chunks/17tk_%40sentry_core_build_esm_0ff6m-w._.js:8898
[     707ms] [LOG] [Fast Refresh] rebuilding @ http://localhost:3000/_next/static/chunks/17tk_%40sentry_core_build_esm_0ff6m-w._.js:8898
[     895ms] [LOG] [Fast Refresh] done in 289ms @ http://localhost:3000/_next/static/chunks/17tk_%40sentry_core_build_esm_0ff6m-w._.js:8898
[    4224ms] [INFO] [web-vitals] {type: web-vital, id: v4-1782886811154-9184065775529, name: FCP, value: 584, delta: 584} @ http://localhost:3000/_next/static/chunks/17tk_%40sentry_core_build_esm_0ff6m-w._.js:8898
[    4225ms] [INFO] [web-vitals] {type: web-vital, id: v4-1782886811156-5143243728860, name: FCP, value: 584, delta: 584} @ http://localhost:3000/_next/static/chunks/17tk_%40sentry_core_build_esm_0ff6m-w._.js:8898
[    4225ms] [INFO] [web-vitals] {type: web-vital, id: v4-1782886811154-7169005329503, name: TTFB, value: 244.80000001192093, delta: 244.80000001192093} @ http://localhost:3000/_next/static/chunks/17tk_%40sentry_core_build_esm_0ff6m-w._.js:8898
[    4225ms] [INFO] [web-vitals] {type: web-vital, id: v4-1782886811156-7842439679611, name: TTFB, value: 244.80000001192093, delta: 244.80000001192093} @ http://localhost:3000/_next/static/chunks/17tk_%40sentry_core_build_esm_0ff6m-w._.js:8898
[   73193ms] [LOG] [Fast Refresh] rebuilding @ http://localhost:3000/_next/static/chunks/17tk_%40sentry_core_build_esm_0ff6m-w._.js:8898
[   73578ms] [LOG] [Fast Refresh] done in 432ms @ http://localhost:3000/_next/static/chunks/17tk_%40sentry_core_build_esm_0ff6m-w._.js:8898
[   73714ms] [LOG] [Fast Refresh] rebuilding @ http://localhost:3000/_next/static/chunks/17tk_%40sentry_core_build_esm_0ff6m-w._.js:8898
[   73728ms] [LOG] [Fast Refresh] done in 116ms @ http://localhost:3000/_next/static/chunks/17tk_%40sentry_core_build_esm_0ff6m-w._.js:8898
[   77676ms] [LOG] [Fast Refresh] rebuilding @ http://localhost:3000/_next/static/chunks/17tk_%40sentry_core_build_esm_0ff6m-w._.js:8898
[   77802ms] [LOG] [Fast Refresh] done in 166ms @ http://localhost:3000/_next/static/chunks/17tk_%40sentry_core_build_esm_0ff6m-w._.js:8898
[   77949ms] [LOG] [Fast Refresh] rebuilding @ http://localhost:3000/_next/static/chunks/17tk_%40sentry_core_build_esm_0ff6m-w._.js:8898
[   78091ms] [LOG] [Fast Refresh] done in 243ms @ http://localhost:3000/_next/static/chunks/17tk_%40sentry_core_build_esm_0ff6m-w._.js:8898
[   90958ms] [INFO] %cDownload the React DevTools for a better development experience: https://react.dev/link/react-devtools font-weight:bold @ http://localhost:3000/_next/static/chunks/17tk_%40sentry_core_build_esm_0ff6m-w._.js:8898
[   90972ms] [LOG] [HMR] connected @ http://localhost:3000/_next/static/chunks/17tk_%40sentry_core_build_esm_0ff6m-w._.js:8898
[   91285ms] [LOG] [Fast Refresh] rebuilding @ http://localhost:3000/_next/static/chunks/17tk_%40sentry_core_build_esm_0ff6m-w._.js:8898
[   91311ms] [LOG] [Fast Refresh] done in 128ms @ http://localhost:3000/_next/static/chunks/17tk_%40sentry_core_build_esm_0ff6m-w._.js:8898
[   94537ms] [INFO] [web-vitals] {type: web-vital, id: v4-1782886901459-1068820463105, name: FCP, value: 352, delta: 352} @ http://localhost:3000/_next/static/chunks/17tk_%40sentry_core_build_esm_0ff6m-w._.js:8898
[   94538ms] [INFO] [web-vitals] {type: web-vital, id: v4-1782886901461-8201950593281, name: FCP, value: 352, delta: 352} @ http://localhost:3000/_next/static/chunks/17tk_%40sentry_core_build_esm_0ff6m-w._.js:8898
[   94539ms] [INFO] [web-vitals] {type: web-vital, id: v4-1782886901459-3565182835602, name: TTFB, value: 185, delta: 185} @ http://localhost:3000/_next/static/chunks/17tk_%40sentry_core_build_esm_0ff6m-w._.js:8898
[   94539ms] [INFO] [web-vitals] {type: web-vital, id: v4-1782886901461-4609111838702, name: TTFB, value: 185, delta: 185} @ http://localhost:3000/_next/static/chunks/17tk_%40sentry_core_build_esm_0ff6m-w._.js:8898
[  106612ms] [LOG] [Fast Refresh] rebuilding @ http://localhost:3000/_next/static/chunks/17tk_%40sentry_core_build_esm_0ff6m-w._.js:8898
[  106672ms] [LOG] [Fast Refresh] done in 162ms @ http://localhost:3000/_next/static/chunks/17tk_%40sentry_core_build_esm_0ff6m-w._.js:8898
[  131622ms] [LOG] [Fast Refresh] rebuilding @ http://localhost:3000/_next/static/chunks/17tk_%40sentry_core_build_esm_0ff6m-w._.js:8898
[  131691ms] [LOG] [Fast Refresh] done in 170ms @ http://localhost:3000/_next/static/chunks/17tk_%40sentry_core_build_esm_0ff6m-w._.js:8898
[  178443ms] [LOG] [Fast Refresh] rebuilding @ http://localhost:3000/_next/static/chunks/17tk_%40sentry_core_build_esm_0ff6m-w._.js:8898
[  178687ms] [LOG] [Fast Refresh] done in 260ms @ http://localhost:3000/_next/static/chunks/17tk_%40sentry_core_build_esm_0ff6m-w._.js:8898
[  178790ms] [LOG] [Fast Refresh] rebuilding @ http://localhost:3000/_next/static/chunks/17tk_%40sentry_core_build_esm_0ff6m-w._.js:8898
[  178839ms] [LOG] [Fast Refresh] done in 151ms @ http://localhost:3000/_next/static/chunks/17tk_%40sentry_core_build_esm_0ff6m-w._.js:8898
[  182227ms] [LOG] [Fast Refresh] rebuilding @ http://localhost:3000/_next/static/chunks/17tk_%40sentry_core_build_esm_0ff6m-w._.js:8898
[  184463ms] [LOG] [Fast Refresh] done in 2338ms @ http://localhost:3000/_next/static/chunks/17tk_%40sentry_core_build_esm_0ff6m-w._.js:8898
[  184789ms] [LOG] [Fast Refresh] rebuilding @ http://localhost:3000/_next/static/chunks/17tk_%40sentry_core_build_esm_0ff6m-w._.js:8898
[  184799ms] [LOG] [Fast Refresh] done in 111ms @ http://localhost:3000/_next/static/chunks/17tk_%40sentry_core_build_esm_0ff6m-w._.js:8898
[  188781ms] [LOG] [Fast Refresh] rebuilding @ http://localhost:3000/_next/static/chunks/17tk_%40sentry_core_build_esm_0ff6m-w._.js:8898
[  188911ms] [LOG] [Fast Refresh] done in 232ms @ http://localhost:3000/_next/static/chunks/17tk_%40sentry_core_build_esm_0ff6m-w._.js:8898
[  189084ms] [LOG] [Fast Refresh] rebuilding @ http://localhost:3000/_next/static/chunks/17tk_%40sentry_core_build_esm_0ff6m-w._.js:8898
[  189350ms] [LOG] [Fast Refresh] done in 367ms @ http://localhost:3000/_next/static/chunks/17tk_%40sentry_core_build_esm_0ff6m-w._.js:8898
[  190579ms] [INFO] %cDownload the React DevTools for a better development experience: https://react.dev/link/react-devtools font-weight:bold @ http://localhost:3000/_next/static/chunks/17tk_%40sentry_core_build_esm_0ff6m-w._.js:8898
[  190602ms] [LOG] [HMR] connected @ http://localhost:3000/_next/static/chunks/17tk_%40sentry_core_build_esm_0ff6m-w._.js:8898
[  190894ms] [LOG] [Fast Refresh] rebuilding @ http://localhost:3000/_next/static/chunks/17tk_%40sentry_core_build_esm_0ff6m-w._.js:8898
[  190946ms] [LOG] [Fast Refresh] done in 154ms @ http://localhost:3000/_next/static/chunks/17tk_%40sentry_core_build_esm_0ff6m-w._.js:8898
[  194127ms] [INFO] [web-vitals] {type: web-vital, id: v4-1782887001056-1362956316336, name: FCP, value: 320, delta: 320} @ http://localhost:3000/_next/static/chunks/17tk_%40sentry_core_build_esm_0ff6m-w._.js:8898
[  194128ms] [INFO] [web-vitals] {type: web-vital, id: v4-1782887001058-9020354150260, name: FCP, value: 320, delta: 320} @ http://localhost:3000/_next/static/chunks/17tk_%40sentry_core_build_esm_0ff6m-w._.js:8898
[  194129ms] [INFO] [web-vitals] {type: web-vital, id: v4-1782887001056-5805334377548, name: TTFB, value: 155.4000000357628, delta: 155.4000000357628} @ http://localhost:3000/_next/static/chunks/17tk_%40sentry_core_build_esm_0ff6m-w._.js:8898
[  194129ms] [INFO] [web-vitals] {type: web-vital, id: v4-1782887001058-4685498874925, name: TTFB, value: 155.4000000357628, delta: 155.4000000357628} @ http://localhost:3000/_next/static/chunks/17tk_%40sentry_core_build_esm_0ff6m-w._.js:8898
[  196072ms] [LOG] [Fast Refresh] rebuilding @ http://localhost:3000/_next/static/chunks/17tk_%40sentry_core_build_esm_0ff6m-w._.js:8898
[  196989ms] [LOG] [Fast Refresh] done in 1018ms @ http://localhost:3000/_next/static/chunks/17tk_%40sentry_core_build_esm_0ff6m-w._.js:8898
[  212701ms] [LOG] [Fast Refresh] rebuilding @ http://localhost:3000/_next/static/chunks/17tk_%40sentry_core_build_esm_0ff6m-w._.js:8898
[  212765ms] [LOG] [Fast Refresh] done in 165ms @ http://localhost:3000/_next/static/chunks/17tk_%40sentry_core_build_esm_0ff6m-w._.js:8898
[  240451ms] [LOG] [Fast Refresh] rebuilding @ http://localhost:3000/_next/static/chunks/17tk_%40sentry_core_build_esm_0ff6m-w._.js:8898
[  240675ms] [LOG] [Fast Refresh] done in 277ms @ http://localhost:3000/_next/static/chunks/17tk_%40sentry_core_build_esm_0ff6m-w._.js:8898
[  250341ms] [INFO] %cDownload the React DevTools for a better development experience: https://react.dev/link/react-devtools font-weight:bold @ http://localhost:3000/_next/static/chunks/17tk_%40sentry_core_build_esm_0ff6m-w._.js:8898
[  250415ms] [LOG] [HMR] connected @ http://localhost:3000/_next/static/chunks/17tk_%40sentry_core_build_esm_0ff6m-w._.js:8898
[  250673ms] [LOG] [Fast Refresh] rebuilding @ http://localhost:3000/_next/static/chunks/17tk_%40sentry_core_build_esm_0ff6m-w._.js:8898
[  250696ms] [LOG] [Fast Refresh] done in 124ms @ http://localhost:3000/_next/static/chunks/17tk_%40sentry_core_build_esm_0ff6m-w._.js:8898
[  253921ms] [INFO] [web-vitals] {type: web-vital, id: v4-1782887060841-2572295812400, name: FCP, value: 404, delta: 404} @ http://localhost:3000/_next/static/chunks/17tk_%40sentry_core_build_esm_0ff6m-w._.js:8898
[  253921ms] [INFO] [web-vitals] {type: web-vital, id: v4-1782887060843-3824240587666, name: FCP, value: 404, delta: 404} @ http://localhost:3000/_next/static/chunks/17tk_%40sentry_core_build_esm_0ff6m-w._.js:8898
[  253922ms] [INFO] [web-vitals] {type: web-vital, id: v4-1782887060841-8173328268484, name: TTFB, value: 154.30000001192093, delta: 154.30000001192093} @ http://localhost:3000/_next/static/chunks/17tk_%40sentry_core_build_esm_0ff6m-w._.js:8898
[  253922ms] [INFO] [web-vitals] {type: web-vital, id: v4-1782887060843-9559018170376, name: TTFB, value: 154.30000001192093, delta: 154.30000001192093} @ http://localhost:3000/_next/static/chunks/17tk_%40sentry_core_build_esm_0ff6m-w._.js:8898
[  275998ms] [LOG] [Fast Refresh] rebuilding @ http://localhost:3000/_next/static/chunks/17tk_%40sentry_core_build_esm_0ff6m-w._.js:8898
[  276033ms] [LOG] [Fast Refresh] done in 135ms @ http://localhost:3000/_next/static/chunks/17tk_%40sentry_core_build_esm_0ff6m-w._.js:8898
[  307363ms] [LOG] [Fast Refresh] rebuilding @ http://localhost:3000/_next/static/chunks/17tk_%40sentry_core_build_esm_0ff6m-w._.js:8898
[  307427ms] [LOG] [Fast Refresh] done in 170ms @ http://localhost:3000/_next/static/chunks/17tk_%40sentry_core_build_esm_0ff6m-w._.js:8898
[  335059ms] [LOG] [Fast Refresh] rebuilding @ http://localhost:3000/_next/static/chunks/17tk_%40sentry_core_build_esm_0ff6m-w._.js:8898
[  335206ms] [LOG] [Fast Refresh] done in 251ms @ http://localhost:3000/_next/static/chunks/17tk_%40sentry_core_build_esm_0ff6m-w._.js:8898
[  380967ms] [LOG] [Fast Refresh] rebuilding @ http://localhost:3000/_next/static/chunks/17tk_%40sentry_core_build_esm_0ff6m-w._.js:8898
[  381009ms] [LOG] [Fast Refresh] done in 143ms @ http://localhost:3000/_next/static/chunks/17tk_%40sentry_core_build_esm_0ff6m-w._.js:8898
[  703082ms] [LOG] [Fast Refresh] rebuilding @ http://localhost:3000/_next/static/chunks/17tk_%40sentry_core_build_esm_0ff6m-w._.js:8898
[  703832ms] [LOG] [Fast Refresh] done in 851ms @ http://localhost:3000/_next/static/chunks/17tk_%40sentry_core_build_esm_0ff6m-w._.js:8898
[  704720ms] [LOG] [Fast Refresh] rebuilding @ http://localhost:3000/_next/static/chunks/17tk_%40sentry_core_build_esm_0ff6m-w._.js:8898
[  704785ms] [LOG] [Fast Refresh] done in 166ms @ http://localhost:3000/_next/static/chunks/17tk_%40sentry_core_build_esm_0ff6m-w._.js:8898
[  705275ms] [LOG] [Fast Refresh] rebuilding @ http://localhost:3000/_next/static/chunks/17tk_%40sentry_core_build_esm_0ff6m-w._.js:8898
[  705289ms] [LOG] [Fast Refresh] done in 116ms @ http://localhost:3000/_next/static/chunks/17tk_%40sentry_core_build_esm_0ff6m-w._.js:8898
[  725808ms] [LOG] [Fast Refresh] rebuilding @ http://localhost:3000/_next/static/chunks/17tk_%40sentry_core_build_esm_0ff6m-w._.js:8898
[  725895ms] [LOG] [Fast Refresh] done in 161ms @ http://localhost:3000/_next/static/chunks/17tk_%40sentry_core_build_esm_0ff6m-w._.js:8898
[  734809ms] [LOG] [Fast Refresh] rebuilding @ http://localhost:3000/_next/static/chunks/17tk_%40sentry_core_build_esm_0ff6m-w._.js:8898
[  735483ms] [LOG] [Fast Refresh] done in 549ms @ http://localhost:3000/_next/static/chunks/17tk_%40sentry_core_build_esm_0ff6m-w._.js:8898
[  735773ms] [LOG] [Fast Refresh] rebuilding @ http://localhost:3000/_next/static/chunks/17tk_%40sentry_core_build_esm_0ff6m-w._.js:8898
[  736232ms] [LOG] [Fast Refresh] done in 560ms @ http://localhost:3000/_next/static/chunks/17tk_%40sentry_core_build_esm_0ff6m-w._.js:8898
[  737074ms] [LOG] [Fast Refresh] rebuilding @ http://localhost:3000/_next/static/chunks/17tk_%40sentry_core_build_esm_0ff6m-w._.js:8898
[  737268ms] [LOG] [Fast Refresh] done in 295ms @ http://localhost:3000/_next/static/chunks/17tk_%40sentry_core_build_esm_0ff6m-w._.js:8898
[  737448ms] [LOG] [Fast Refresh] rebuilding @ http://localhost:3000/_next/static/chunks/17tk_%40sentry_core_build_esm_0ff6m-w._.js:8898
[  737687ms] [LOG] [Fast Refresh] done in 340ms @ http://localhost:3000/_next/static/chunks/17tk_%40sentry_core_build_esm_0ff6m-w._.js:8898
[  738048ms] [LOG] [Fast Refresh] rebuilding @ http://localhost:3000/_next/static/chunks/17tk_%40sentry_core_build_esm_0ff6m-w._.js:8898
[  738050ms] [LOG] [Fast Refresh] done in 103ms @ http://localhost:3000/_next/static/chunks/17tk_%40sentry_core_build_esm_0ff6m-w._.js:8898
[  754331ms] [LOG] [Fast Refresh] rebuilding @ http://localhost:3000/_next/static/chunks/17tk_%40sentry_core_build_esm_0ff6m-w._.js:8898
[  754435ms] [LOG] [Fast Refresh] done in 207ms @ http://localhost:3000/_next/static/chunks/17tk_%40sentry_core_build_esm_0ff6m-w._.js:8898
[  769526ms] [LOG] [Fast Refresh] rebuilding @ http://localhost:3000/_next/static/chunks/17tk_%40sentry_core_build_esm_0ff6m-w._.js:8898
[  769710ms] [LOG] [Fast Refresh] done in 222ms @ http://localhost:3000/_next/static/chunks/17tk_%40sentry_core_build_esm_0ff6m-w._.js:8898
[ 1718137ms] [LOG] [Fast Refresh] rebuilding @ http://localhost:3000/_next/static/chunks/17tk_%40sentry_core_build_esm_0ff6m-w._.js:8898
[ 1719486ms] [LOG] [Fast Refresh] done in 1451ms @ http://localhost:3000/_next/static/chunks/17tk_%40sentry_core_build_esm_0ff6m-w._.js:8898
[ 1774034ms] [LOG] [Fast Refresh] rebuilding @ http://localhost:3000/_next/static/chunks/17tk_%40sentry_core_build_esm_0ff6m-w._.js:8898
[ 1774162ms] [LOG] [Fast Refresh] done in 232ms @ http://localhost:3000/_next/static/chunks/17tk_%40sentry_core_build_esm_0ff6m-w._.js:8898
[ 1784682ms] [LOG] [Fast Refresh] rebuilding @ http://localhost:3000/_next/static/chunks/17tk_%40sentry_core_build_esm_0ff6m-w._.js:8898
[ 1784741ms] [LOG] [Fast Refresh] done in 161ms @ http://localhost:3000/_next/static/chunks/17tk_%40sentry_core_build_esm_0ff6m-w._.js:8898
[ 1814337ms] [LOG] [Fast Refresh] rebuilding @ http://localhost:3000/_next/static/chunks/17tk_%40sentry_core_build_esm_0ff6m-w._.js:8898
[ 1814602ms] [LOG] [Fast Refresh] done in 297ms @ http://localhost:3000/_next/static/chunks/17tk_%40sentry_core_build_esm_0ff6m-w._.js:8898
[ 1815204ms] [LOG] [Fast Refresh] rebuilding @ http://localhost:3000/_next/static/chunks/17tk_%40sentry_core_build_esm_0ff6m-w._.js:8898
[ 1815207ms] [LOG] [Fast Refresh] done in 104ms @ http://localhost:3000/_next/static/chunks/17tk_%40sentry_core_build_esm_0ff6m-w._.js:8898
[ 1816314ms] [LOG] [Fast Refresh] rebuilding @ http://localhost:3000/_next/static/chunks/17tk_%40sentry_core_build_esm_0ff6m-w._.js:8898
[ 1816326ms] [LOG] [Fast Refresh] done in 113ms @ http://localhost:3000/_next/static/chunks/17tk_%40sentry_core_build_esm_0ff6m-w._.js:8898
[ 1843719ms] [LOG] [Fast Refresh] rebuilding @ http://localhost:3000/_next/static/chunks/17tk_%40sentry_core_build_esm_0ff6m-w._.js:8898
[ 1843956ms] [LOG] [Fast Refresh] done in 249ms @ http://localhost:3000/_next/static/chunks/17tk_%40sentry_core_build_esm_0ff6m-w._.js:8898
[ 1844120ms] [LOG] [Fast Refresh] rebuilding @ http://localhost:3000/_next/static/chunks/17tk_%40sentry_core_build_esm_0ff6m-w._.js:8898
[ 1844551ms] [LOG] [Fast Refresh] done in 532ms @ http://localhost:3000/_next/static/chunks/17tk_%40sentry_core_build_esm_0ff6m-w._.js:8898
[ 1865667ms] [LOG] [Fast Refresh] rebuilding @ http://localhost:3000/_next/static/chunks/17tk_%40sentry_core_build_esm_0ff6m-w._.js:8898
[ 1865770ms] [LOG] [Fast Refresh] done in 172ms @ http://localhost:3000/_next/static/chunks/17tk_%40sentry_core_build_esm_0ff6m-w._.js:8898
[ 1898029ms] [LOG] [Fast Refresh] rebuilding @ http://localhost:3000/_next/static/chunks/17tk_%40sentry_core_build_esm_0ff6m-w._.js:8898
[ 1898506ms] [LOG] [Fast Refresh] done in 513ms @ http://localhost:3000/_next/static/chunks/17tk_%40sentry_core_build_esm_0ff6m-w._.js:8898
[ 1916754ms] [LOG] [Fast Refresh] rebuilding @ http://localhost:3000/_next/static/chunks/17tk_%40sentry_core_build_esm_0ff6m-w._.js:8898
[ 1916890ms] [LOG] [Fast Refresh] done in 209ms @ http://localhost:3000/_next/static/chunks/17tk_%40sentry_core_build_esm_0ff6m-w._.js:8898
[ 1917227ms] [LOG] [Fast Refresh] rebuilding @ http://localhost:3000/_next/static/chunks/17tk_%40sentry_core_build_esm_0ff6m-w._.js:8898
[ 1917253ms] [LOG] [Fast Refresh] done in 127ms @ http://localhost:3000/_next/static/chunks/17tk_%40sentry_core_build_esm_0ff6m-w._.js:8898
[ 1927443ms] [LOG] [Fast Refresh] rebuilding @ http://localhost:3000/_next/static/chunks/17tk_%40sentry_core_build_esm_0ff6m-w._.js:8898
[ 1927539ms] [LOG] [Fast Refresh] done in 172ms @ http://localhost:3000/_next/static/chunks/17tk_%40sentry_core_build_esm_0ff6m-w._.js:8898
[ 1927651ms] [LOG] [Fast Refresh] rebuilding @ http://localhost:3000/_next/static/chunks/17tk_%40sentry_core_build_esm_0ff6m-w._.js:8898
[ 1927662ms] [LOG] [Fast Refresh] done in 112ms @ http://localhost:3000/_next/static/chunks/17tk_%40sentry_core_build_esm_0ff6m-w._.js:8898
[ 1944826ms] [LOG] [Fast Refresh] rebuilding @ http://localhost:3000/_next/static/chunks/17tk_%40sentry_core_build_esm_0ff6m-w._.js:8898
[ 1944942ms] [LOG] [Fast Refresh] done in 189ms @ http://localhost:3000/_next/static/chunks/17tk_%40sentry_core_build_esm_0ff6m-w._.js:8898
[ 1948656ms] [LOG] [Fast Refresh] rebuilding @ http://localhost:3000/_next/static/chunks/17tk_%40sentry_core_build_esm_0ff6m-w._.js:8898
[ 1948778ms] [LOG] [Fast Refresh] done in 128ms @ http://localhost:3000/_next/static/chunks/17tk_%40sentry_core_build_esm_0ff6m-w._.js:8898
[ 1953657ms] [LOG] [Fast Refresh] rebuilding @ http://localhost:3000/_next/static/chunks/17tk_%40sentry_core_build_esm_0ff6m-w._.js:8898
[ 1953768ms] [LOG] [Fast Refresh] done in 144ms @ http://localhost:3000/_next/static/chunks/17tk_%40sentry_core_build_esm_0ff6m-w._.js:8898
[ 2003514ms] [LOG] [Fast Refresh] rebuilding @ http://localhost:3000/_next/static/chunks/17tk_%40sentry_core_build_esm_0ff6m-w._.js:8898
[ 2003736ms] [LOG] [Fast Refresh] done in 228ms @ http://localhost:3000/_next/static/chunks/17tk_%40sentry_core_build_esm_0ff6m-w._.js:8898
[ 2004485ms] [LOG] [Fast Refresh] rebuilding @ http://localhost:3000/_next/static/chunks/17tk_%40sentry_core_build_esm_0ff6m-w._.js:8898
[ 2004499ms] [LOG] [Fast Refresh] done in 118ms @ http://localhost:3000/_next/static/chunks/17tk_%40sentry_core_build_esm_0ff6m-w._.js:8898
[ 2038581ms] [LOG] [Fast Refresh] rebuilding @ http://localhost:3000/_next/static/chunks/17tk_%40sentry_core_build_esm_0ff6m-w._.js:8898
[ 2038765ms] [LOG] [Fast Refresh] done in 157ms @ http://localhost:3000/_next/static/chunks/17tk_%40sentry_core_build_esm_0ff6m-w._.js:8898
[ 2061010ms] [LOG] [Fast Refresh] rebuilding @ http://localhost:3000/_next/static/chunks/17tk_%40sentry_core_build_esm_0ff6m-w._.js:8898
[ 2061130ms] [LOG] [Fast Refresh] done in 135ms @ http://localhost:3000/_next/static/chunks/17tk_%40sentry_core_build_esm_0ff6m-w._.js:8898
[ 2065585ms] [LOG] [Fast Refresh] rebuilding @ http://localhost:3000/_next/static/chunks/17tk_%40sentry_core_build_esm_0ff6m-w._.js:8898
[ 2065656ms] [LOG] [Fast Refresh] done in 143ms @ http://localhost:3000/_next/static/chunks/17tk_%40sentry_core_build_esm_0ff6m-w._.js:8898
[ 2068676ms] [LOG] [Fast Refresh] rebuilding @ http://localhost:3000/_next/static/chunks/17tk_%40sentry_core_build_esm_0ff6m-w._.js:8898
[ 2068750ms] [LOG] [Fast Refresh] done in 79ms @ http://localhost:3000/_next/static/chunks/17tk_%40sentry_core_build_esm_0ff6m-w._.js:8898
[ 2077508ms] [LOG] [Fast Refresh] rebuilding @ http://localhost:3000/_next/static/chunks/17tk_%40sentry_core_build_esm_0ff6m-w._.js:8898
[ 2077623ms] [LOG] [Fast Refresh] done in 133ms @ http://localhost:3000/_next/static/chunks/17tk_%40sentry_core_build_esm_0ff6m-w._.js:8898
[ 2090451ms] [LOG] [Fast Refresh] rebuilding @ http://localhost:3000/_next/static/chunks/17tk_%40sentry_core_build_esm_0ff6m-w._.js:8898
[ 2090516ms] [LOG] [Fast Refresh] done in 107ms @ http://localhost:3000/_next/static/chunks/17tk_%40sentry_core_build_esm_0ff6m-w._.js:8898
[ 2090787ms] [LOG] [Fast Refresh] rebuilding @ http://localhost:3000/_next/static/chunks/17tk_%40sentry_core_build_esm_0ff6m-w._.js:8898
[ 2090980ms] [LOG] [Fast Refresh] done in 294ms @ http://localhost:3000/_next/static/chunks/17tk_%40sentry_core_build_esm_0ff6m-w._.js:8898
[ 2093909ms] [LOG] [Fast Refresh] rebuilding @ http://localhost:3000/_next/static/chunks/17tk_%40sentry_core_build_esm_0ff6m-w._.js:8898
[ 2094039ms] [LOG] [Fast Refresh] done in 114ms @ http://localhost:3000/_next/static/chunks/17tk_%40sentry_core_build_esm_0ff6m-w._.js:8898
[ 2107371ms] [LOG] [Fast Refresh] rebuilding @ http://localhost:3000/_next/static/chunks/17tk_%40sentry_core_build_esm_0ff6m-w._.js:8898
[ 2107496ms] [LOG] [Fast Refresh] done in 187ms @ http://localhost:3000/_next/static/chunks/17tk_%40sentry_core_build_esm_0ff6m-w._.js:8898
[ 2107745ms] [LOG] [Fast Refresh] rebuilding @ http://localhost:3000/_next/static/chunks/17tk_%40sentry_core_build_esm_0ff6m-w._.js:8898
[ 2107817ms] [LOG] [Fast Refresh] done in 175ms @ http://localhost:3000/_next/static/chunks/17tk_%40sentry_core_build_esm_0ff6m-w._.js:8898
[ 2125737ms] [LOG] [Fast Refresh] rebuilding @ http://localhost:3000/_next/static/chunks/17tk_%40sentry_core_build_esm_0ff6m-w._.js:8898
[ 2126039ms] [LOG] [Fast Refresh] done in 332ms @ http://localhost:3000/_next/static/chunks/17tk_%40sentry_core_build_esm_0ff6m-w._.js:8898
[ 2126140ms] [LOG] [Fast Refresh] rebuilding @ http://localhost:3000/_next/static/chunks/17tk_%40sentry_core_build_esm_0ff6m-w._.js:8898
[ 2126216ms] [LOG] [Fast Refresh] done in 176ms @ http://localhost:3000/_next/static/chunks/17tk_%40sentry_core_build_esm_0ff6m-w._.js:8898
[ 2229527ms] [LOG] [Fast Refresh] rebuilding @ http://localhost:3000/_next/static/chunks/17tk_%40sentry_core_build_esm_0ff6m-w._.js:8898
[ 2229788ms] [LOG] [Fast Refresh] done in 259ms @ http://localhost:3000/_next/static/chunks/17tk_%40sentry_core_build_esm_0ff6m-w._.js:8898
[ 2229905ms] [LOG] [Fast Refresh] rebuilding @ http://localhost:3000/_next/static/chunks/17tk_%40sentry_core_build_esm_0ff6m-w._.js:8898
[ 2230209ms] [LOG] [Fast Refresh] done in 406ms @ http://localhost:3000/_next/static/chunks/17tk_%40sentry_core_build_esm_0ff6m-w._.js:8898
[ 2239186ms] [LOG] [Fast Refresh] rebuilding @ http://localhost:3000/_next/static/chunks/17tk_%40sentry_core_build_esm_0ff6m-w._.js:8898
[ 2239758ms] [LOG] [Fast Refresh] done in 298ms @ http://localhost:3000/_next/static/chunks/17tk_%40sentry_core_build_esm_0ff6m-w._.js:8898
[ 2239983ms] [LOG] [Fast Refresh] rebuilding @ http://localhost:3000/_next/static/chunks/17tk_%40sentry_core_build_esm_0ff6m-w._.js:8898
[ 2240086ms] [LOG] [Fast Refresh] done in 204ms @ http://localhost:3000/_next/static/chunks/17tk_%40sentry_core_build_esm_0ff6m-w._.js:8898
[ 2240366ms] [ERROR] Error: Route "/inspirasjon/bobil" used `new Date()` before accessing either uncached data (e.g. `fetch()`) or Request data (e.g. `cookies()`, `headers()`, `connection()`, and `searchParams`). Accessing the current time in a Server Component requires reading one of these data sources first. Alternatively, consider moving this expression into a Client Component or Cache Component. See more info here: https://nextjs.org/docs/messages/next-prerender-current-time
    at Module.createSessionEnvelope (about://React/Server/file:///Users/kristofferohnstadhjelmeland/utekos-headless/.next/dev/server/chunks/17tk_@sentry_core_build_cjs_1hq7u6-._.js?475:3607:34)
    at NodeClient.sendSession (about://React/Server/file:///Users/kristofferohnstadhjelmeland/utekos-headless/.next/dev/server/chunks/17tk_@sentry_core_build_cjs_1hq7u6-._.js?476:7660:30)
    at flushPendingClientAggregates (about://React/Server/file:///Users/kristofferohnstadhjelmeland/utekos-headless/.next/dev/server/chunks/17tk_@sentry_core_build_cjs_1hq7u6-._.js?477:19252:28)
    at <anonymous> (about://React/Server/file:///Users/kristofferohnstadhjelmeland/utekos-headless/.next/dev/server/chunks/17tk_@sentry_core_build_cjs_1hq7u6-._.js?478:19258:21)
    at uniqueCallback (about://React/Server/file:///Users/kristofferohnstadhjelmeland/utekos-headless/.next/dev/server/chunks/17tk_@sentry_core_build_cjs_1hq7u6-._.js?479:7676:43)
    at <anonymous> (about://React/Server/file:///Users/kristofferohnstadhjelmeland/utekos-headless/.next/dev/server/chunks/17tk_@sentry_core_build_cjs_1hq7u6-._.js?480:7687:43)
    at Set.forEach (<anonymous>:1:20)
    at NodeClient.emit (about://React/Server/file:///Users/kristofferohnstadhjelmeland/utekos-headless/.next/dev/server/chunks/17tk_@sentry_core_build_cjs_1hq7u6-._.js?481:7687:23)
    at NodeClient.flush (about://React/Server/file:///Users/kristofferohnstadhjelmeland/utekos-headless/.next/dev/server/chunks/17tk_@sentry_core_build_cjs_1hq7u6-._.js?482:7548:14)
    at NodeClient.flush (about://React/Server/file:///Users/kristofferohnstadhjelmeland/utekos-headless/.next/dev/server/chunks/1ou__@sentry_node-core_build_cjs_07_7o8w._.js?483:3339:22)
    at  Module.flushSafelyWithTimeout (about://React/Server/file:///Users/kristofferohnstadhjelmeland/utekos-headless/.next/dev/server/chunks/1rln_@sentry_nextjs_build_cjs_0all1cj._.js?484:251:9)
    at resolveErrorDev (http://localhost:3000/_next/static/chunks/0ss6_next_dist_compiled_react-server-dom-turbopack_0rrha0x._.js:1919:105)
    at getOutlinedModel (http://localhost:3000/_next/static/chunks/0ss6_next_dist_compiled_react-server-dom-turbopack_0rrha0x._.js:1469:28)
    at parseModelString (http://localhost:3000/_next/static/chunks/0ss6_next_dist_compiled_react-server-dom-turbopack_0rrha0x._.js:1584:50)
    at reviveModel (http://localhost:3000/_next/static/chunks/0ss6_next_dist_compiled_react-server-dom-turbopack_0rrha0x._.js:2522:66)
    at reviveModel (http://localhost:3000/_next/static/chunks/0ss6_next_dist_compiled_react-server-dom-turbopack_0rrha0x._.js:2525:61)
    at reviveModel (http://localhost:3000/_next/static/chunks/0ss6_next_dist_compiled_react-server-dom-turbopack_0rrha0x._.js:2604:78)
    at parseModel (http://localhost:3000/_next/static/chunks/0ss6_next_dist_compiled_react-server-dom-turbopack_0rrha0x._.js:2517:16)
    at initializeModelChunk (http://localhost:3000/_next/static/chunks/0ss6_next_dist_compiled_react-server-dom-turbopack_0rrha0x._.js:1084:25)
    at resolveModelChunk (http://localhost:3000/_next/static/chunks/0ss6_next_dist_compiled_react-server-dom-turbopack_0rrha0x._.js:986:43)
    at processFullStringRow (http://localhost:3000/_next/static/chunks/0ss6_next_dist_compiled_react-server-dom-turbopack_0rrha0x._.js:2473:126)
    at processFullBinaryRow (http://localhost:3000/_next/static/chunks/0ss6_next_dist_compiled_react-server-dom-turbopack_0rrha0x._.js:2393:9)
    at processBinaryChunk (http://localhost:3000/_next/static/chunks/0ss6_next_dist_compiled_react-server-dom-turbopack_0rrha0x._.js:2502:221)
    at progress (http://localhost:3000/_next/static/chunks/0ss6_next_dist_compiled_react-server-dom-turbopack_0rrha0x._.js:2689:13) @ http://localhost:3000/_next/static/chunks/17tk_%40sentry_core_build_esm_0ff6m-w._.js:8898
[ 2240778ms] [LOG] [Fast Refresh] rebuilding @ http://localhost:3000/_next/static/chunks/17tk_%40sentry_core_build_esm_0ff6m-w._.js:8898
[ 2240911ms] [LOG] [Fast Refresh] done in 234ms @ http://localhost:3000/_next/static/chunks/17tk_%40sentry_core_build_esm_0ff6m-w._.js:8898
[ 2264616ms] [LOG] [Fast Refresh] rebuilding @ http://localhost:3000/_next/static/chunks/17tk_%40sentry_core_build_esm_0ff6m-w._.js:8898
[ 2264706ms] [LOG] [Fast Refresh] done in 156ms @ http://localhost:3000/_next/static/chunks/17tk_%40sentry_core_build_esm_0ff6m-w._.js:8898
[ 2264882ms] [LOG] [Fast Refresh] rebuilding @ http://localhost:3000/_next/static/chunks/17tk_%40sentry_core_build_esm_0ff6m-w._.js:8898
[ 2264888ms] [LOG] [Fast Refresh] done in 107ms @ http://localhost:3000/_next/static/chunks/17tk_%40sentry_core_build_esm_0ff6m-w._.js:8898
[ 2271739ms] [LOG] [Fast Refresh] rebuilding @ http://localhost:3000/_next/static/chunks/17tk_%40sentry_core_build_esm_0ff6m-w._.js:8898
[ 2271819ms] [LOG] [Fast Refresh] done in 129ms @ http://localhost:3000/_next/static/chunks/17tk_%40sentry_core_build_esm_0ff6m-w._.js:8898
[ 2274767ms] [LOG] [Fast Refresh] rebuilding @ http://localhost:3000/_next/static/chunks/17tk_%40sentry_core_build_esm_0ff6m-w._.js:8898
[ 2274896ms] [LOG] [Fast Refresh] done in 201ms @ http://localhost:3000/_next/static/chunks/17tk_%40sentry_core_build_esm_0ff6m-w._.js:8898
[ 2282731ms] [LOG] [Fast Refresh] rebuilding @ http://localhost:3000/_next/static/chunks/17tk_%40sentry_core_build_esm_0ff6m-w._.js:8898
[ 2282889ms] [LOG] [Fast Refresh] done in 163ms @ http://localhost:3000/_next/static/chunks/17tk_%40sentry_core_build_esm_0ff6m-w._.js:8898
[ 2314678ms] [LOG] [Fast Refresh] rebuilding @ http://localhost:3000/_next/static/chunks/17tk_%40sentry_core_build_esm_0ff6m-w._.js:8898
[ 2314962ms] [LOG] [Fast Refresh] done in 257ms @ http://localhost:3000/_next/static/chunks/17tk_%40sentry_core_build_esm_0ff6m-w._.js:8898
[ 2315074ms] [LOG] [Fast Refresh] rebuilding @ http://localhost:3000/_next/static/chunks/17tk_%40sentry_core_build_esm_0ff6m-w._.js:8898
[ 2315435ms] [LOG] [Fast Refresh] done in 462ms @ http://localhost:3000/_next/static/chunks/17tk_%40sentry_core_build_esm_0ff6m-w._.js:8898
[ 2354580ms] [LOG] [Fast Refresh] rebuilding @ http://localhost:3000/_next/static/chunks/17tk_%40sentry_core_build_esm_0ff6m-w._.js:8898
[ 2354727ms] [LOG] [Fast Refresh] done in 177ms @ http://localhost:3000/_next/static/chunks/17tk_%40sentry_core_build_esm_0ff6m-w._.js:8898
[ 2358365ms] [LOG] [Fast Refresh] rebuilding @ http://localhost:3000/_next/static/chunks/17tk_%40sentry_core_build_esm_0ff6m-w._.js:8898
[ 2358495ms] [LOG] [Fast Refresh] done in 201ms @ http://localhost:3000/_next/static/chunks/17tk_%40sentry_core_build_esm_0ff6m-w._.js:8898
[ 2371366ms] [LOG] [Fast Refresh] rebuilding @ http://localhost:3000/_next/static/chunks/17tk_%40sentry_core_build_esm_0ff6m-w._.js:8898
[ 2371680ms] [LOG] [Fast Refresh] done in 362ms @ http://localhost:3000/_next/static/chunks/17tk_%40sentry_core_build_esm_0ff6m-w._.js:8898
[ 2371782ms] [LOG] [Fast Refresh] rebuilding @ http://localhost:3000/_next/static/chunks/17tk_%40sentry_core_build_esm_0ff6m-w._.js:8898
[ 2371834ms] [LOG] [Fast Refresh] done in 154ms @ http://localhost:3000/_next/static/chunks/17tk_%40sentry_core_build_esm_0ff6m-w._.js:8898
[ 2387683ms] [LOG] [Fast Refresh] rebuilding @ http://localhost:3000/_next/static/chunks/17tk_%40sentry_core_build_esm_0ff6m-w._.js:8898
[ 2387792ms] [LOG] [Fast Refresh] done in 187ms @ http://localhost:3000/_next/static/chunks/17tk_%40sentry_core_build_esm_0ff6m-w._.js:8898
[ 2391866ms] [LOG] [Fast Refresh] rebuilding @ http://localhost:3000/_next/static/chunks/17tk_%40sentry_core_build_esm_0ff6m-w._.js:8898
[ 2392038ms] [LOG] [Fast Refresh] done in 149ms @ http://localhost:3000/_next/static/chunks/17tk_%40sentry_core_build_esm_0ff6m-w._.js:8898
[ 2394315ms] [LOG] [Fast Refresh] rebuilding @ http://localhost:3000/_next/static/chunks/17tk_%40sentry_core_build_esm_0ff6m-w._.js:8898
[ 2394361ms] [LOG] [Fast Refresh] done in 117ms @ http://localhost:3000/_next/static/chunks/17tk_%40sentry_core_build_esm_0ff6m-w._.js:8898
[ 2406852ms] [LOG] [Fast Refresh] rebuilding @ http://localhost:3000/_next/static/chunks/17tk_%40sentry_core_build_esm_0ff6m-w._.js:8898
[ 2406886ms] [LOG] [Fast Refresh] done in 90ms @ http://localhost:3000/_next/static/chunks/17tk_%40sentry_core_build_esm_0ff6m-w._.js:8898
[ 2412792ms] [LOG] [Fast Refresh] rebuilding @ http://localhost:3000/_next/static/chunks/17tk_%40sentry_core_build_esm_0ff6m-w._.js:8898
[ 2412918ms] [LOG] [Fast Refresh] done in 115ms @ http://localhost:3000/_next/static/chunks/17tk_%40sentry_core_build_esm_0ff6m-w._.js:8898
[ 2415645ms] [LOG] [Fast Refresh] rebuilding @ http://localhost:3000/_next/static/chunks/17tk_%40sentry_core_build_esm_0ff6m-w._.js:8898
[ 2415703ms] [LOG] [Fast Refresh] done in 98ms @ http://localhost:3000/_next/static/chunks/17tk_%40sentry_core_build_esm_0ff6m-w._.js:8898
[ 2415867ms] [LOG] [Fast Refresh] rebuilding @ http://localhost:3000/_next/static/chunks/17tk_%40sentry_core_build_esm_0ff6m-w._.js:8898
[ 2415916ms] [LOG] [Fast Refresh] done in 151ms @ http://localhost:3000/_next/static/chunks/17tk_%40sentry_core_build_esm_0ff6m-w._.js:8898
[ 2417095ms] [LOG] [Fast Refresh] rebuilding @ http://localhost:3000/_next/static/chunks/17tk_%40sentry_core_build_esm_0ff6m-w._.js:8898
[ 2417211ms] [LOG] [Fast Refresh] done in 142ms @ http://localhost:3000/_next/static/chunks/17tk_%40sentry_core_build_esm_0ff6m-w._.js:8898
[ 2482022ms] [LOG] [Fast Refresh] rebuilding @ http://localhost:3000/_next/static/chunks/17tk_%40sentry_core_build_esm_0ff6m-w._.js:8898
[ 2482317ms] [LOG] [Fast Refresh] done in 389ms @ http://localhost:3000/_next/static/chunks/17tk_%40sentry_core_build_esm_0ff6m-w._.js:8898
[ 2488440ms] [LOG] [Fast Refresh] rebuilding @ http://localhost:3000/_next/static/chunks/17tk_%40sentry_core_build_esm_0ff6m-w._.js:8898
[ 2488592ms] [LOG] [Fast Refresh] done in 160ms @ http://localhost:3000/_next/static/chunks/17tk_%40sentry_core_build_esm_0ff6m-w._.js:8898
[ 2495652ms] [LOG] [Fast Refresh] rebuilding @ http://localhost:3000/_next/static/chunks/17tk_%40sentry_core_build_esm_0ff6m-w._.js:8898
[ 2495826ms] [LOG] [Fast Refresh] done in 224ms @ http://localhost:3000/_next/static/chunks/17tk_%40sentry_core_build_esm_0ff6m-w._.js:8898
[ 2495938ms] [LOG] [Fast Refresh] rebuilding @ http://localhost:3000/_next/static/chunks/17tk_%40sentry_core_build_esm_0ff6m-w._.js:8898
[ 2495981ms] [LOG] [Fast Refresh] done in 145ms @ http://localhost:3000/_next/static/chunks/17tk_%40sentry_core_build_esm_0ff6m-w._.js:8898
[ 2521552ms] [LOG] [Fast Refresh] rebuilding @ http://localhost:3000/_next/static/chunks/17tk_%40sentry_core_build_esm_0ff6m-w._.js:8898
[ 2521665ms] [LOG] [Fast Refresh] done in 179ms @ http://localhost:3000/_next/static/chunks/17tk_%40sentry_core_build_esm_0ff6m-w._.js:8898
[ 2521878ms] [LOG] [Fast Refresh] rebuilding @ http://localhost:3000/_next/static/chunks/17tk_%40sentry_core_build_esm_0ff6m-w._.js:8898
[ 2521994ms] [LOG] [Fast Refresh] done in 217ms @ http://localhost:3000/_next/static/chunks/17tk_%40sentry_core_build_esm_0ff6m-w._.js:8898
[ 2526163ms] [LOG] [Fast Refresh] rebuilding @ http://localhost:3000/_next/static/chunks/17tk_%40sentry_core_build_esm_0ff6m-w._.js:8898
[ 2526331ms] [LOG] [Fast Refresh] done in 142ms @ http://localhost:3000/_next/static/chunks/17tk_%40sentry_core_build_esm_0ff6m-w._.js:8898
[ 2534224ms] [LOG] [Fast Refresh] rebuilding @ http://localhost:3000/_next/static/chunks/17tk_%40sentry_core_build_esm_0ff6m-w._.js:8898
[ 2534361ms] [LOG] [Fast Refresh] done in 202ms @ http://localhost:3000/_next/static/chunks/17tk_%40sentry_core_build_esm_0ff6m-w._.js:8898
[ 2546671ms] [LOG] [Fast Refresh] rebuilding @ http://localhost:3000/_next/static/chunks/17tk_%40sentry_core_build_esm_0ff6m-w._.js:8898
[ 2546744ms] [LOG] [Fast Refresh] done in 137ms @ http://localhost:3000/_next/static/chunks/17tk_%40sentry_core_build_esm_0ff6m-w._.js:8898
[ 2551626ms] [LOG] [Fast Refresh] rebuilding @ http://localhost:3000/_next/static/chunks/17tk_%40sentry_core_build_esm_0ff6m-w._.js:8898
[ 2551844ms] [LOG] [Fast Refresh] done in 209ms @ http://localhost:3000/_next/static/chunks/17tk_%40sentry_core_build_esm_0ff6m-w._.js:8898
[ 2560267ms] [LOG] [Fast Refresh] rebuilding @ http://localhost:3000/_next/static/chunks/17tk_%40sentry_core_build_esm_0ff6m-w._.js:8898
[ 2560452ms] [LOG] [Fast Refresh] done in 200ms @ http://localhost:3000/_next/static/chunks/17tk_%40sentry_core_build_esm_0ff6m-w._.js:8898
[ 2572019ms] [LOG] [Fast Refresh] rebuilding @ http://localhost:3000/_next/static/chunks/17tk_%40sentry_core_build_esm_0ff6m-w._.js:8898
[ 2572072ms] [LOG] [Fast Refresh] done in 121ms @ http://localhost:3000/_next/static/chunks/17tk_%40sentry_core_build_esm_0ff6m-w._.js:8898
[ 2590580ms] [LOG] [Fast Refresh] rebuilding @ http://localhost:3000/_next/static/chunks/17tk_%40sentry_core_build_esm_0ff6m-w._.js:8898
[ 2590692ms] [LOG] [Fast Refresh] done in 181ms @ http://localhost:3000/_next/static/chunks/17tk_%40sentry_core_build_esm_0ff6m-w._.js:8898
[ 2651826ms] [LOG] [Fast Refresh] rebuilding @ http://localhost:3000/_next/static/chunks/17tk_%40sentry_core_build_esm_0ff6m-w._.js:8898
[ 2652049ms] [LOG] [Fast Refresh] done in 220ms @ http://localhost:3000/_next/static/chunks/17tk_%40sentry_core_build_esm_0ff6m-w._.js:8898
[ 2652237ms] [LOG] [Fast Refresh] rebuilding @ http://localhost:3000/_next/static/chunks/17tk_%40sentry_core_build_esm_0ff6m-w._.js:8898
[ 2652561ms] [LOG] [Fast Refresh] done in 425ms @ http://localhost:3000/_next/static/chunks/17tk_%40sentry_core_build_esm_0ff6m-w._.js:8898
[ 2652781ms] [LOG] [Fast Refresh] rebuilding @ http://localhost:3000/_next/static/chunks/17tk_%40sentry_core_build_esm_0ff6m-w._.js:8898
[ 2652841ms] [LOG] [Fast Refresh] done in 161ms @ http://localhost:3000/_next/static/chunks/17tk_%40sentry_core_build_esm_0ff6m-w._.js:8898
[ 2667773ms] [LOG] [Fast Refresh] rebuilding @ http://localhost:3000/_next/static/chunks/17tk_%40sentry_core_build_esm_0ff6m-w._.js:8898
[ 2668021ms] [ERROR] ./src/app/inspirasjon/grillkvelden/sections/BenefitsGrid.tsx:58:18
Expected '</', got 'jsx text'
  56 |             <H2 ID='fordeler' Text='Fordelene for vertskapet' className={dark.heading} />
  57 |               Fordelene for vertskapet
> 58 |             </H2>
     |                  ^^^^^^^^^^^^^^^^^^^^^^^^^^^^^^^^^^^^^^^^^^^^^^^^^^^^^^^^^^^^^^^^^^^^^^^^^^^^^^^^^^^^^^^^^^^^^^^^^^^^^^^^^^^^^^^^^^^^^^^^^^^^^^^^^^^^^^^^^^^^^^^^^^^^^^^^^^^^^^^^^^^^^^^^^^^^^^^^^^^^^^^^^^^^^^^^^^^^^^^^^^^^^^^^^^^^^^^
> 59 |             <p
     | ^^^^^^^^^^^^
  60 |               className={`utekos-section-lead mt-4 ${dark.lead}`}
  61 |             >
  62 |               Mindre stress for deg, mer komfort for gjestene —

Parsing ecmascript source code failed

Import trace:
  Server Component:
    ./src/app/inspirasjon/grillkvelden/sections/BenefitsGrid.tsx
    ./src/app/inspirasjon/grillkvelden/page.tsx @ http://localhost:3000/_next/static/chunks/17tk_%40sentry_core_build_esm_0ff6m-w._.js:8898
[ 2669051ms] [LOG] [Fast Refresh] rebuilding @ http://localhost:3000/_next/static/chunks/17tk_%40sentry_core_build_esm_0ff6m-w._.js:8898
[ 2669366ms] [LOG] [Fast Refresh] done in 308ms @ http://localhost:3000/_next/static/chunks/17tk_%40sentry_core_build_esm_0ff6m-w._.js:8898
[ 2669479ms] [LOG] [Fast Refresh] rebuilding @ http://localhost:3000/_next/static/chunks/17tk_%40sentry_core_build_esm_0ff6m-w._.js:8898
[ 2669690ms] [LOG] [Fast Refresh] done in 312ms @ http://localhost:3000/_next/static/chunks/17tk_%40sentry_core_build_esm_0ff6m-w._.js:8898
[ 2681558ms] [LOG] [Fast Refresh] rebuilding @ http://localhost:3000/_next/static/chunks/17tk_%40sentry_core_build_esm_0ff6m-w._.js:8898
[ 2682140ms] [LOG] [Fast Refresh] done in 290ms @ http://localhost:3000/_next/static/chunks/17tk_%40sentry_core_build_esm_0ff6m-w._.js:8898
[ 2682762ms] [ERROR] Error: Route "/inspirasjon/bobil" used `new Date()` before accessing either uncached data (e.g. `fetch()`) or Request data (e.g. `cookies()`, `headers()`, `connection()`, and `searchParams`). Accessing the current time in a Server Component requires reading one of these data sources first. Alternatively, consider moving this expression into a Client Component or Cache Component. See more info here: https://nextjs.org/docs/messages/next-prerender-current-time
    at Module.createSessionEnvelope (about://React/Server/file:///Users/kristofferohnstadhjelmeland/utekos-headless/.next/dev/server/chunks/17tk_@sentry_core_build_cjs_1hq7u6-._.js?475:3607:34)
    at NodeClient.sendSession (about://React/Server/file:///Users/kristofferohnstadhjelmeland/utekos-headless/.next/dev/server/chunks/17tk_@sentry_core_build_cjs_1hq7u6-._.js?476:7660:30)
    at flushPendingClientAggregates (about://React/Server/file:///Users/kristofferohnstadhjelmeland/utekos-headless/.next/dev/server/chunks/17tk_@sentry_core_build_cjs_1hq7u6-._.js?477:19252:28)
    at <anonymous> (about://React/Server/file:///Users/kristofferohnstadhjelmeland/utekos-headless/.next/dev/server/chunks/17tk_@sentry_core_build_cjs_1hq7u6-._.js?478:19258:21)
    at uniqueCallback (about://React/Server/file:///Users/kristofferohnstadhjelmeland/utekos-headless/.next/dev/server/chunks/17tk_@sentry_core_build_cjs_1hq7u6-._.js?479:7676:43)
    at <anonymous> (about://React/Server/file:///Users/kristofferohnstadhjelmeland/utekos-headless/.next/dev/server/chunks/17tk_@sentry_core_build_cjs_1hq7u6-._.js?480:7687:43)
    at Set.forEach (<anonymous>:1:20)
    at NodeClient.emit (about://React/Server/file:///Users/kristofferohnstadhjelmeland/utekos-headless/.next/dev/server/chunks/17tk_@sentry_core_build_cjs_1hq7u6-._.js?481:7687:23)
    at NodeClient.flush (about://React/Server/file:///Users/kristofferohnstadhjelmeland/utekos-headless/.next/dev/server/chunks/17tk_@sentry_core_build_cjs_1hq7u6-._.js?482:7548:14)
    at NodeClient.flush (about://React/Server/file:///Users/kristofferohnstadhjelmeland/utekos-headless/.next/dev/server/chunks/1ou__@sentry_node-core_build_cjs_07_7o8w._.js?483:3339:22)
    at  Module.flushSafelyWithTimeout (about://React/Server/file:///Users/kristofferohnstadhjelmeland/utekos-headless/.next/dev/server/chunks/1rln_@sentry_nextjs_build_cjs_0all1cj._.js?484:251:9)
    at resolveErrorDev (http://localhost:3000/_next/static/chunks/0ss6_next_dist_compiled_react-server-dom-turbopack_0rrha0x._.js:1919:105)
    at getOutlinedModel (http://localhost:3000/_next/static/chunks/0ss6_next_dist_compiled_react-server-dom-turbopack_0rrha0x._.js:1469:28)
    at parseModelString (http://localhost:3000/_next/static/chunks/0ss6_next_dist_compiled_react-server-dom-turbopack_0rrha0x._.js:1584:50)
    at reviveModel (http://localhost:3000/_next/static/chunks/0ss6_next_dist_compiled_react-server-dom-turbopack_0rrha0x._.js:2522:66)
    at reviveModel (http://localhost:3000/_next/static/chunks/0ss6_next_dist_compiled_react-server-dom-turbopack_0rrha0x._.js:2525:61)
    at reviveModel (http://localhost:3000/_next/static/chunks/0ss6_next_dist_compiled_react-server-dom-turbopack_0rrha0x._.js:2604:78)
    at parseModel (http://localhost:3000/_next/static/chunks/0ss6_next_dist_compiled_react-server-dom-turbopack_0rrha0x._.js:2517:16)
    at initializeModelChunk (http://localhost:3000/_next/static/chunks/0ss6_next_dist_compiled_react-server-dom-turbopack_0rrha0x._.js:1084:25)
    at resolveModelChunk (http://localhost:3000/_next/static/chunks/0ss6_next_dist_compiled_react-server-dom-turbopack_0rrha0x._.js:986:43)
    at processFullStringRow (http://localhost:3000/_next/static/chunks/0ss6_next_dist_compiled_react-server-dom-turbopack_0rrha0x._.js:2473:126)
    at processFullBinaryRow (http://localhost:3000/_next/static/chunks/0ss6_next_dist_compiled_react-server-dom-turbopack_0rrha0x._.js:2393:9)
    at processBinaryChunk (http://localhost:3000/_next/static/chunks/0ss6_next_dist_compiled_react-server-dom-turbopack_0rrha0x._.js:2502:221)
    at progress (http://localhost:3000/_next/static/chunks/0ss6_next_dist_compiled_react-server-dom-turbopack_0rrha0x._.js:2689:13) @ http://localhost:3000/_next/static/chunks/17tk_%40sentry_core_build_esm_0ff6m-w._.js:8898
[ 2688102ms] [LOG] [Fast Refresh] rebuilding @ http://localhost:3000/_next/static/chunks/17tk_%40sentry_core_build_esm_0ff6m-w._.js:8898
[ 2688259ms] [LOG] [Fast Refresh] done in 228ms @ http://localhost:3000/_next/static/chunks/17tk_%40sentry_core_build_esm_0ff6m-w._.js:8898
[ 2688380ms] [LOG] [Fast Refresh] rebuilding @ http://localhost:3000/_next/static/chunks/17tk_%40sentry_core_build_esm_0ff6m-w._.js:8898
[ 2688410ms] [LOG] [Fast Refresh] done in 130ms @ http://localhost:3000/_next/static/chunks/17tk_%40sentry_core_build_esm_0ff6m-w._.js:8898
[ 2703181ms] [LOG] [Fast Refresh] rebuilding @ http://localhost:3000/_next/static/chunks/17tk_%40sentry_core_build_esm_0ff6m-w._.js:8898
[ 2703278ms] [LOG] [Fast Refresh] done in 165ms @ http://localhost:3000/_next/static/chunks/17tk_%40sentry_core_build_esm_0ff6m-w._.js:8898
[ 2710219ms] [LOG] [Fast Refresh] rebuilding @ http://localhost:3000/_next/static/chunks/17tk_%40sentry_core_build_esm_0ff6m-w._.js:8898
[ 2710395ms] [LOG] [Fast Refresh] done in 164ms @ http://localhost:3000/_next/static/chunks/17tk_%40sentry_core_build_esm_0ff6m-w._.js:8898
[ 2710628ms] [LOG] [Fast Refresh] rebuilding @ http://localhost:3000/_next/static/chunks/17tk_%40sentry_core_build_esm_0ff6m-w._.js:8898
[ 2710647ms] [LOG] [Fast Refresh] done in 121ms @ http://localhost:3000/_next/static/chunks/17tk_%40sentry_core_build_esm_0ff6m-w._.js:8898
[ 2715385ms] [LOG] [Fast Refresh] rebuilding @ http://localhost:3000/_next/static/chunks/17tk_%40sentry_core_build_esm_0ff6m-w._.js:8898
[ 2715590ms] [LOG] [Fast Refresh] done in 158ms @ http://localhost:3000/_next/static/chunks/17tk_%40sentry_core_build_esm_0ff6m-w._.js:8898
[ 2727307ms] [LOG] [Fast Refresh] rebuilding @ http://localhost:3000/_next/static/chunks/17tk_%40sentry_core_build_esm_0ff6m-w._.js:8898
[ 2727373ms] [LOG] [Fast Refresh] done in 134ms @ http://localhost:3000/_next/static/chunks/17tk_%40sentry_core_build_esm_0ff6m-w._.js:8898
[ 2727497ms] [LOG] [Fast Refresh] rebuilding @ http://localhost:3000/_next/static/chunks/17tk_%40sentry_core_build_esm_0ff6m-w._.js:8898
[ 2727514ms] [LOG] [Fast Refresh] done in 120ms @ http://localhost:3000/_next/static/chunks/17tk_%40sentry_core_build_esm_0ff6m-w._.js:8898
[ 2727625ms] [LOG] [Fast Refresh] rebuilding @ http://localhost:3000/_next/static/chunks/17tk_%40sentry_core_build_esm_0ff6m-w._.js:8898
[ 2727746ms] [LOG] [Fast Refresh] done in 222ms @ http://localhost:3000/_next/static/chunks/17tk_%40sentry_core_build_esm_0ff6m-w._.js:8898
[ 2734723ms] [LOG] [Fast Refresh] rebuilding @ http://localhost:3000/_next/static/chunks/17tk_%40sentry_core_build_esm_0ff6m-w._.js:8898
[ 2734837ms] [LOG] [Fast Refresh] done in 164ms @ http://localhost:3000/_next/static/chunks/17tk_%40sentry_core_build_esm_0ff6m-w._.js:8898
[ 2738568ms] [LOG] [Fast Refresh] rebuilding @ http://localhost:3000/_next/static/chunks/17tk_%40sentry_core_build_esm_0ff6m-w._.js:8898
[ 2738675ms] [LOG] [Fast Refresh] done in 153ms @ http://localhost:3000/_next/static/chunks/17tk_%40sentry_core_build_esm_0ff6m-w._.js:8898
[ 2738790ms] [LOG] [Fast Refresh] rebuilding @ http://localhost:3000/_next/static/chunks/17tk_%40sentry_core_build_esm_0ff6m-w._.js:8898
[ 2738834ms] [LOG] [Fast Refresh] done in 146ms @ http://localhost:3000/_next/static/chunks/17tk_%40sentry_core_build_esm_0ff6m-w._.js:8898
[ 2752896ms] [LOG] [Fast Refresh] rebuilding @ http://localhost:3000/_next/static/chunks/17tk_%40sentry_core_build_esm_0ff6m-w._.js:8898
[ 2752956ms] [LOG] [Fast Refresh] done in 119ms @ http://localhost:3000/_next/static/chunks/17tk_%40sentry_core_build_esm_0ff6m-w._.js:8898
[ 2763686ms] [LOG] [Fast Refresh] rebuilding @ http://localhost:3000/_next/static/chunks/17tk_%40sentry_core_build_esm_0ff6m-w._.js:8898
[ 2763830ms] [LOG] [Fast Refresh] done in 151ms @ http://localhost:3000/_next/static/chunks/17tk_%40sentry_core_build_esm_0ff6m-w._.js:8898
[ 2773608ms] [LOG] [Fast Refresh] rebuilding @ http://localhost:3000/_next/static/chunks/17tk_%40sentry_core_build_esm_0ff6m-w._.js:8898
[ 2773727ms] [LOG] [Fast Refresh] done in 192ms @ http://localhost:3000/_next/static/chunks/17tk_%40sentry_core_build_esm_0ff6m-w._.js:8898
[ 2800455ms] [LOG] [Fast Refresh] rebuilding @ http://localhost:3000/_next/static/chunks/17tk_%40sentry_core_build_esm_0ff6m-w._.js:8898
[ 2800563ms] [LOG] [Fast Refresh] done in 177ms @ http://localhost:3000/_next/static/chunks/17tk_%40sentry_core_build_esm_0ff6m-w._.js:8898
[ 2825214ms] [LOG] [Fast Refresh] rebuilding @ http://localhost:3000/_next/static/chunks/17tk_%40sentry_core_build_esm_0ff6m-w._.js:8898
[ 2825310ms] [LOG] [Fast Refresh] done in 167ms @ http://localhost:3000/_next/static/chunks/17tk_%40sentry_core_build_esm_0ff6m-w._.js:8898
[ 2841787ms] [LOG] [Fast Refresh] rebuilding @ http://localhost:3000/_next/static/chunks/17tk_%40sentry_core_build_esm_0ff6m-w._.js:8898
[ 2841891ms] [LOG] [Fast Refresh] done in 178ms @ http://localhost:3000/_next/static/chunks/17tk_%40sentry_core_build_esm_0ff6m-w._.js:8898
[ 2850351ms] [LOG] [Fast Refresh] rebuilding @ http://localhost:3000/_next/static/chunks/17tk_%40sentry_core_build_esm_0ff6m-w._.js:8898
[ 2850463ms] [LOG] [Fast Refresh] done in 173ms @ http://localhost:3000/_next/static/chunks/17tk_%40sentry_core_build_esm_0ff6m-w._.js:8898
[ 2850700ms] [LOG] [Fast Refresh] rebuilding @ http://localhost:3000/_next/static/chunks/17tk_%40sentry_core_build_esm_0ff6m-w._.js:8898
[ 2850779ms] [LOG] [Fast Refresh] done in 180ms @ http://localhost:3000/_next/static/chunks/17tk_%40sentry_core_build_esm_0ff6m-w._.js:8898
[ 2870225ms] [LOG] [Fast Refresh] rebuilding @ http://localhost:3000/_next/static/chunks/17tk_%40sentry_core_build_esm_0ff6m-w._.js:8898
[ 2870326ms] [LOG] [Fast Refresh] done in 169ms @ http://localhost:3000/_next/static/chunks/17tk_%40sentry_core_build_esm_0ff6m-w._.js:8898
[ 2876602ms] [LOG] [Fast Refresh] rebuilding @ http://localhost:3000/_next/static/chunks/17tk_%40sentry_core_build_esm_0ff6m-w._.js:8898
[ 2876825ms] [LOG] [Fast Refresh] done in 225ms @ http://localhost:3000/_next/static/chunks/17tk_%40sentry_core_build_esm_0ff6m-w._.js:8898
[ 2885855ms] [LOG] [Fast Refresh] rebuilding @ http://localhost:3000/_next/static/chunks/17tk_%40sentry_core_build_esm_0ff6m-w._.js:8898
[ 2885942ms] [LOG] [Fast Refresh] done in 148ms @ http://localhost:3000/_next/static/chunks/17tk_%40sentry_core_build_esm_0ff6m-w._.js:8898
[ 2890057ms] [LOG] [Fast Refresh] rebuilding @ http://localhost:3000/_next/static/chunks/17tk_%40sentry_core_build_esm_0ff6m-w._.js:8898
[ 2890157ms] [LOG] [Fast Refresh] done in 119ms @ http://localhost:3000/_next/static/chunks/17tk_%40sentry_core_build_esm_0ff6m-w._.js:8898
[ 2930594ms] [LOG] [Fast Refresh] rebuilding @ http://localhost:3000/_next/static/chunks/17tk_%40sentry_core_build_esm_0ff6m-w._.js:8898
[ 2930696ms] [LOG] [Fast Refresh] done in 170ms @ http://localhost:3000/_next/static/chunks/17tk_%40sentry_core_build_esm_0ff6m-w._.js:8898
[ 2931097ms] [LOG] [Fast Refresh] rebuilding @ http://localhost:3000/_next/static/chunks/17tk_%40sentry_core_build_esm_0ff6m-w._.js:8898
[ 2931104ms] [LOG] [Fast Refresh] done in 109ms @ http://localhost:3000/_next/static/chunks/17tk_%40sentry_core_build_esm_0ff6m-w._.js:8898
[ 2946408ms] [LOG] [Fast Refresh] rebuilding @ http://localhost:3000/_next/static/chunks/17tk_%40sentry_core_build_esm_0ff6m-w._.js:8898
[ 2946491ms] [LOG] [Fast Refresh] done in 146ms @ http://localhost:3000/_next/static/chunks/17tk_%40sentry_core_build_esm_0ff6m-w._.js:8898
[ 2946595ms] [LOG] [Fast Refresh] rebuilding @ http://localhost:3000/_next/static/chunks/17tk_%40sentry_core_build_esm_0ff6m-w._.js:8898
[ 2946627ms] [LOG] [Fast Refresh] done in 134ms @ http://localhost:3000/_next/static/chunks/17tk_%40sentry_core_build_esm_0ff6m-w._.js:8898
[ 2946742ms] [LOG] [Fast Refresh] rebuilding @ http://localhost:3000/_next/static/chunks/17tk_%40sentry_core_build_esm_0ff6m-w._.js:8898
[ 2946870ms] [LOG] [Fast Refresh] done in 231ms @ http://localhost:3000/_next/static/chunks/17tk_%40sentry_core_build_esm_0ff6m-w._.js:8898
[ 2966384ms] [LOG] [Fast Refresh] rebuilding @ http://localhost:3000/_next/static/chunks/17tk_%40sentry_core_build_esm_0ff6m-w._.js:8898
[ 2966456ms] [LOG] [Fast Refresh] done in 138ms @ http://localhost:3000/_next/static/chunks/17tk_%40sentry_core_build_esm_0ff6m-w._.js:8898
[ 2966584ms] [LOG] [Fast Refresh] rebuilding @ http://localhost:3000/_next/static/chunks/17tk_%40sentry_core_build_esm_0ff6m-w._.js:8898
[ 2966623ms] [LOG] [Fast Refresh] done in 140ms @ http://localhost:3000/_next/static/chunks/17tk_%40sentry_core_build_esm_0ff6m-w._.js:8898
[ 3020634ms] [LOG] [Fast Refresh] rebuilding @ http://localhost:3000/_next/static/chunks/17tk_%40sentry_core_build_esm_0ff6m-w._.js:8898
[ 3020756ms] [LOG] [Fast Refresh] done in 184ms @ http://localhost:3000/_next/static/chunks/17tk_%40sentry_core_build_esm_0ff6m-w._.js:8898
[ 3194686ms] [LOG] [Fast Refresh] rebuilding @ http://localhost:3000/_next/static/chunks/17tk_%40sentry_core_build_esm_0ff6m-w._.js:8898
[ 3194967ms] [LOG] [Fast Refresh] done in 261ms @ http://localhost:3000/_next/static/chunks/17tk_%40sentry_core_build_esm_0ff6m-w._.js:8898
[ 3195304ms] [LOG] [Fast Refresh] rebuilding @ http://localhost:3000/_next/static/chunks/17tk_%40sentry_core_build_esm_0ff6m-w._.js:8898
[ 3195492ms] [LOG] [Fast Refresh] done in 290ms @ http://localhost:3000/_next/static/chunks/17tk_%40sentry_core_build_esm_0ff6m-w._.js:8898
[ 3197274ms] [LOG] [Fast Refresh] rebuilding @ http://localhost:3000/_next/static/chunks/17tk_%40sentry_core_build_esm_0ff6m-w._.js:8898
[ 3197308ms] [LOG] [Fast Refresh] done in 137ms @ http://localhost:3000/_next/static/chunks/17tk_%40sentry_core_build_esm_0ff6m-w._.js:8898
[ 3205248ms] [LOG] [Fast Refresh] rebuilding @ http://localhost:3000/_next/static/chunks/17tk_%40sentry_core_build_esm_0ff6m-w._.js:8898
[ 3205364ms] [LOG] [Fast Refresh] done in 182ms @ http://localhost:3000/_next/static/chunks/17tk_%40sentry_core_build_esm_0ff6m-w._.js:8898
[ 3211543ms] [LOG] [Fast Refresh] rebuilding @ http://localhost:3000/_next/static/chunks/17tk_%40sentry_core_build_esm_0ff6m-w._.js:8898
[ 3211638ms] [LOG] [Fast Refresh] done in 167ms @ http://localhost:3000/_next/static/chunks/17tk_%40sentry_core_build_esm_0ff6m-w._.js:8898
[ 3211805ms] [LOG] [Fast Refresh] rebuilding @ http://localhost:3000/_next/static/chunks/17tk_%40sentry_core_build_esm_0ff6m-w._.js:8898
[ 3211860ms] [LOG] [Fast Refresh] done in 155ms @ http://localhost:3000/_next/static/chunks/17tk_%40sentry_core_build_esm_0ff6m-w._.js:8898
[ 3225572ms] [LOG] [Fast Refresh] rebuilding @ http://localhost:3000/_next/static/chunks/17tk_%40sentry_core_build_esm_0ff6m-w._.js:8898
[ 3225671ms] [LOG] [Fast Refresh] done in 166ms @ http://localhost:3000/_next/static/chunks/17tk_%40sentry_core_build_esm_0ff6m-w._.js:8898
[ 3227392ms] [LOG] [Fast Refresh] rebuilding @ http://localhost:3000/_next/static/chunks/17tk_%40sentry_core_build_esm_0ff6m-w._.js:8898
[ 3227539ms] [LOG] [Fast Refresh] done in 250ms @ http://localhost:3000/_next/static/chunks/17tk_%40sentry_core_build_esm_0ff6m-w._.js:8898
[ 3228791ms] [LOG] [Fast Refresh] rebuilding @ http://localhost:3000/_next/static/chunks/17tk_%40sentry_core_build_esm_0ff6m-w._.js:8898
[ 3228893ms] [LOG] [Fast Refresh] done in 167ms @ http://localhost:3000/_next/static/chunks/17tk_%40sentry_core_build_esm_0ff6m-w._.js:8898
[ 3230697ms] [LOG] [Fast Refresh] rebuilding @ http://localhost:3000/_next/static/chunks/17tk_%40sentry_core_build_esm_0ff6m-w._.js:8898
[ 3230852ms] [LOG] [Fast Refresh] done in 256ms @ http://localhost:3000/_next/static/chunks/17tk_%40sentry_core_build_esm_0ff6m-w._.js:8898
[ 3236434ms] [LOG] [Fast Refresh] rebuilding @ http://localhost:3000/_next/static/chunks/17tk_%40sentry_core_build_esm_0ff6m-w._.js:8898
[ 3236959ms] [LOG] [Fast Refresh] done in 207ms @ http://localhost:3000/_next/static/chunks/17tk_%40sentry_core_build_esm_0ff6m-w._.js:8898
[ 3237149ms] [LOG] [Fast Refresh] rebuilding @ http://localhost:3000/_next/static/chunks/17tk_%40sentry_core_build_esm_0ff6m-w._.js:8898
[ 3237226ms] [LOG] [Fast Refresh] done in 179ms @ http://localhost:3000/_next/static/chunks/17tk_%40sentry_core_build_esm_0ff6m-w._.js:8898
[ 3237846ms] [ERROR] Error: Route "/inspirasjon/bobil" used `new Date()` before accessing either uncached data (e.g. `fetch()`) or Request data (e.g. `cookies()`, `headers()`, `connection()`, and `searchParams`). Accessing the current time in a Server Component requires reading one of these data sources first. Alternatively, consider moving this expression into a Client Component or Cache Component. See more info here: https://nextjs.org/docs/messages/next-prerender-current-time
    at Module.createSessionEnvelope (about://React/Server/file:///Users/kristofferohnstadhjelmeland/utekos-headless/.next/dev/server/chunks/17tk_@sentry_core_build_cjs_1hq7u6-._.js?475:3607:34)
    at NodeClient.sendSession (about://React/Server/file:///Users/kristofferohnstadhjelmeland/utekos-headless/.next/dev/server/chunks/17tk_@sentry_core_build_cjs_1hq7u6-._.js?476:7660:30)
    at flushPendingClientAggregates (about://React/Server/file:///Users/kristofferohnstadhjelmeland/utekos-headless/.next/dev/server/chunks/17tk_@sentry_core_build_cjs_1hq7u6-._.js?477:19252:28)
    at <anonymous> (about://React/Server/file:///Users/kristofferohnstadhjelmeland/utekos-headless/.next/dev/server/chunks/17tk_@sentry_core_build_cjs_1hq7u6-._.js?478:19258:21)
    at uniqueCallback (about://React/Server/file:///Users/kristofferohnstadhjelmeland/utekos-headless/.next/dev/server/chunks/17tk_@sentry_core_build_cjs_1hq7u6-._.js?479:7676:43)
    at <anonymous> (about://React/Server/file:///Users/kristofferohnstadhjelmeland/utekos-headless/.next/dev/server/chunks/17tk_@sentry_core_build_cjs_1hq7u6-._.js?480:7687:43)
    at Set.forEach (<anonymous>:1:20)
    at NodeClient.emit (about://React/Server/file:///Users/kristofferohnstadhjelmeland/utekos-headless/.next/dev/server/chunks/17tk_@sentry_core_build_cjs_1hq7u6-._.js?481:7687:23)
    at NodeClient.flush (about://React/Server/file:///Users/kristofferohnstadhjelmeland/utekos-headless/.next/dev/server/chunks/17tk_@sentry_core_build_cjs_1hq7u6-._.js?482:7548:14)
    at NodeClient.flush (about://React/Server/file:///Users/kristofferohnstadhjelmeland/utekos-headless/.next/dev/server/chunks/1ou__@sentry_node-core_build_cjs_07_7o8w._.js?483:3339:22)
    at  Module.flushSafelyWithTimeout (about://React/Server/file:///Users/kristofferohnstadhjelmeland/utekos-headless/.next/dev/server/chunks/1rln_@sentry_nextjs_build_cjs_0all1cj._.js?484:251:9)
    at resolveErrorDev (http://localhost:3000/_next/static/chunks/0ss6_next_dist_compiled_react-server-dom-turbopack_0rrha0x._.js:1919:105)
    at getOutlinedModel (http://localhost:3000/_next/static/chunks/0ss6_next_dist_compiled_react-server-dom-turbopack_0rrha0x._.js:1469:28)
    at parseModelString (http://localhost:3000/_next/static/chunks/0ss6_next_dist_compiled_react-server-dom-turbopack_0rrha0x._.js:1584:50)
    at reviveModel (http://localhost:3000/_next/static/chunks/0ss6_next_dist_compiled_react-server-dom-turbopack_0rrha0x._.js:2522:66)
    at reviveModel (http://localhost:3000/_next/static/chunks/0ss6_next_dist_compiled_react-server-dom-turbopack_0rrha0x._.js:2525:61)
    at reviveModel (http://localhost:3000/_next/static/chunks/0ss6_next_dist_compiled_react-server-dom-turbopack_0rrha0x._.js:2604:78)
    at parseModel (http://localhost:3000/_next/static/chunks/0ss6_next_dist_compiled_react-server-dom-turbopack_0rrha0x._.js:2517:16)
    at initializeModelChunk (http://localhost:3000/_next/static/chunks/0ss6_next_dist_compiled_react-server-dom-turbopack_0rrha0x._.js:1084:25)
    at resolveModelChunk (http://localhost:3000/_next/static/chunks/0ss6_next_dist_compiled_react-server-dom-turbopack_0rrha0x._.js:986:43)
    at processFullStringRow (http://localhost:3000/_next/static/chunks/0ss6_next_dist_compiled_react-server-dom-turbopack_0rrha0x._.js:2473:126)
    at processFullBinaryRow (http://localhost:3000/_next/static/chunks/0ss6_next_dist_compiled_react-server-dom-turbopack_0rrha0x._.js:2393:9)
    at processBinaryChunk (http://localhost:3000/_next/static/chunks/0ss6_next_dist_compiled_react-server-dom-turbopack_0rrha0x._.js:2502:221)
    at progress (http://localhost:3000/_next/static/chunks/0ss6_next_dist_compiled_react-server-dom-turbopack_0rrha0x._.js:2689:13) @ http://localhost:3000/_next/static/chunks/17tk_%40sentry_core_build_esm_0ff6m-w._.js:8898
[ 3237952ms] [LOG] [Fast Refresh] rebuilding @ http://localhost:3000/_next/static/chunks/17tk_%40sentry_core_build_esm_0ff6m-w._.js:8898
[ 3238477ms] [LOG] [Fast Refresh] done in 626ms @ http://localhost:3000/_next/static/chunks/17tk_%40sentry_core_build_esm_0ff6m-w._.js:8898
[ 3243428ms] [LOG] [Fast Refresh] rebuilding @ http://localhost:3000/_next/static/chunks/17tk_%40sentry_core_build_esm_0ff6m-w._.js:8898
[ 3243463ms] [LOG] [Fast Refresh] done in 137ms @ http://localhost:3000/_next/static/chunks/17tk_%40sentry_core_build_esm_0ff6m-w._.js:8898
[ 3254028ms] [LOG] [Fast Refresh] rebuilding @ http://localhost:3000/_next/static/chunks/17tk_%40sentry_core_build_esm_0ff6m-w._.js:8898
[ 3254784ms] [LOG] [Fast Refresh] done in 387ms @ http://localhost:3000/_next/static/chunks/17tk_%40sentry_core_build_esm_0ff6m-w._.js:8898
[ 3268128ms] [LOG] [Fast Refresh] rebuilding @ http://localhost:3000/_next/static/chunks/17tk_%40sentry_core_build_esm_0ff6m-w._.js:8898
[ 3268128ms] [LOG] [Fast Refresh] done in 103ms @ http://localhost:3000/_next/static/chunks/17tk_%40sentry_core_build_esm_0ff6m-w._.js:8898
[ 3290874ms] [LOG] [Fast Refresh] rebuilding @ http://localhost:3000/_next/static/chunks/17tk_%40sentry_core_build_esm_0ff6m-w._.js:8898
[ 3291487ms] [LOG] [Fast Refresh] done in 672ms @ http://localhost:3000/_next/static/chunks/17tk_%40sentry_core_build_esm_0ff6m-w._.js:8898
[ 3292172ms] [LOG] [Fast Refresh] rebuilding @ http://localhost:3000/_next/static/chunks/17tk_%40sentry_core_build_esm_0ff6m-w._.js:8898
[ 3292211ms] [LOG] [Fast Refresh] done in 140ms @ http://localhost:3000/_next/static/chunks/17tk_%40sentry_core_build_esm_0ff6m-w._.js:8898
[ 3296787ms] [LOG] [Fast Refresh] rebuilding @ http://localhost:3000/_next/static/chunks/17tk_%40sentry_core_build_esm_0ff6m-w._.js:8898
[ 3296820ms] [LOG] [Fast Refresh] done in 133ms @ http://localhost:3000/_next/static/chunks/17tk_%40sentry_core_build_esm_0ff6m-w._.js:8898
[ 3297917ms] [LOG] [Fast Refresh] rebuilding @ http://localhost:3000/_next/static/chunks/17tk_%40sentry_core_build_esm_0ff6m-w._.js:8898
[ 3298858ms] [LOG] [Fast Refresh] done in 944ms @ http://localhost:3000/_next/static/chunks/17tk_%40sentry_core_build_esm_0ff6m-w._.js:8898
[ 3303647ms] [LOG] [Fast Refresh] rebuilding @ http://localhost:3000/_next/static/chunks/17tk_%40sentry_core_build_esm_0ff6m-w._.js:8898
[ 3306076ms] [LOG] [Fast Refresh] done in 2531ms @ http://localhost:3000/_next/static/chunks/17tk_%40sentry_core_build_esm_0ff6m-w._.js:8898
[ 3309764ms] [LOG] [Fast Refresh] rebuilding @ http://localhost:3000/_next/static/chunks/17tk_%40sentry_core_build_esm_0ff6m-w._.js:8898
[ 3310202ms] [LOG] [Fast Refresh] done in 540ms @ http://localhost:3000/_next/static/chunks/17tk_%40sentry_core_build_esm_0ff6m-w._.js:8898
[ 3310722ms] [LOG] [Fast Refresh] rebuilding @ http://localhost:3000/_next/static/chunks/17tk_%40sentry_core_build_esm_0ff6m-w._.js:8898
[ 3310742ms] [LOG] [Fast Refresh] done in 122ms @ http://localhost:3000/_next/static/chunks/17tk_%40sentry_core_build_esm_0ff6m-w._.js:8898
[ 3317755ms] [LOG] [Fast Refresh] rebuilding @ http://localhost:3000/_next/static/chunks/17tk_%40sentry_core_build_esm_0ff6m-w._.js:8898
[ 3317820ms] [LOG] [Fast Refresh] done in 117ms @ http://localhost:3000/_next/static/chunks/17tk_%40sentry_core_build_esm_0ff6m-w._.js:8898
[ 3322606ms] [LOG] [Fast Refresh] rebuilding @ http://localhost:3000/_next/static/chunks/17tk_%40sentry_core_build_esm_0ff6m-w._.js:8898
[ 3322637ms] [LOG] [Fast Refresh] done in 132ms @ http://localhost:3000/_next/static/chunks/17tk_%40sentry_core_build_esm_0ff6m-w._.js:8898
[ 3330888ms] [LOG] [Fast Refresh] rebuilding @ http://localhost:3000/_next/static/chunks/17tk_%40sentry_core_build_esm_0ff6m-w._.js:8898
[ 3330955ms] [LOG] [Fast Refresh] done in 110ms @ http://localhost:3000/_next/static/chunks/17tk_%40sentry_core_build_esm_0ff6m-w._.js:8898
[ 3334909ms] [LOG] [Fast Refresh] rebuilding @ http://localhost:3000/_next/static/chunks/17tk_%40sentry_core_build_esm_0ff6m-w._.js:8898
[ 3335010ms] [LOG] [Fast Refresh] done in 134ms @ http://localhost:3000/_next/static/chunks/17tk_%40sentry_core_build_esm_0ff6m-w._.js:8898
[ 3345937ms] [LOG] [Fast Refresh] rebuilding @ http://localhost:3000/_next/static/chunks/17tk_%40sentry_core_build_esm_0ff6m-w._.js:8898
[ 3345985ms] [LOG] [Fast Refresh] done in 92ms @ http://localhost:3000/_next/static/chunks/17tk_%40sentry_core_build_esm_0ff6m-w._.js:8898
[ 3380738ms] [LOG] [Fast Refresh] rebuilding @ http://localhost:3000/_next/static/chunks/17tk_%40sentry_core_build_esm_0ff6m-w._.js:8898
[ 3380915ms] [LOG] [Fast Refresh] done in 156ms @ http://localhost:3000/_next/static/chunks/17tk_%40sentry_core_build_esm_0ff6m-w._.js:8898
[ 3381057ms] [LOG] [Fast Refresh] rebuilding @ http://localhost:3000/_next/static/chunks/17tk_%40sentry_core_build_esm_0ff6m-w._.js:8898
[ 3381179ms] [LOG] [Fast Refresh] done in 223ms @ http://localhost:3000/_next/static/chunks/17tk_%40sentry_core_build_esm_0ff6m-w._.js:8898
[ 3389657ms] [LOG] [Fast Refresh] rebuilding @ http://localhost:3000/_next/static/chunks/17tk_%40sentry_core_build_esm_0ff6m-w._.js:8898
[ 3389763ms] [LOG] [Fast Refresh] done in 168ms @ http://localhost:3000/_next/static/chunks/17tk_%40sentry_core_build_esm_0ff6m-w._.js:8898
[ 3396728ms] [LOG] [Fast Refresh] rebuilding @ http://localhost:3000/_next/static/chunks/17tk_%40sentry_core_build_esm_0ff6m-w._.js:8898
[ 3396865ms] [LOG] [Fast Refresh] done in 212ms @ http://localhost:3000/_next/static/chunks/17tk_%40sentry_core_build_esm_0ff6m-w._.js:8898
[ 3476508ms] [LOG] [Fast Refresh] rebuilding @ http://localhost:3000/_next/static/chunks/17tk_%40sentry_core_build_esm_0ff6m-w._.js:8898
[ 3476632ms] [LOG] [Fast Refresh] done in 187ms @ http://localhost:3000/_next/static/chunks/17tk_%40sentry_core_build_esm_0ff6m-w._.js:8898
[ 3504041ms] [LOG] [Fast Refresh] rebuilding @ http://localhost:3000/_next/static/chunks/17tk_%40sentry_core_build_esm_0ff6m-w._.js:8898
[ 3504170ms] [LOG] [Fast Refresh] done in 201ms @ http://localhost:3000/_next/static/chunks/17tk_%40sentry_core_build_esm_0ff6m-w._.js:8898
[ 3504303ms] [LOG] [Fast Refresh] rebuilding @ http://localhost:3000/_next/static/chunks/17tk_%40sentry_core_build_esm_0ff6m-w._.js:8898
[ 3504332ms] [LOG] [Fast Refresh] done in 130ms @ http://localhost:3000/_next/static/chunks/17tk_%40sentry_core_build_esm_0ff6m-w._.js:8898
