[     590ms] [INFO] %cDownload the React DevTools for a better development experience: https://react.dev/link/react-devtools font-weight:bold @ http://localhost:3000/_next/static/chunks/17tk_%40sentry_core_build_esm_0ff6m-w._.js:8898
[     618ms] [LOG] [HMR] connected @ http://localhost:3000/_next/static/chunks/17tk_%40sentry_core_build_esm_0ff6m-w._.js:8898
[     736ms] [LOG] [Fast Refresh] rebuilding @ http://localhost:3000/_next/static/chunks/17tk_%40sentry_core_build_esm_0ff6m-w._.js:8898
[     871ms] [LOG] [Fast Refresh] done in 237ms @ http://localhost:3000/_next/static/chunks/17tk_%40sentry_core_build_esm_0ff6m-w._.js:8898
[    1108ms] [LOG] [Fast Refresh] rebuilding @ http://localhost:3000/_next/static/chunks/17tk_%40sentry_core_build_esm_0ff6m-w._.js:8898
[    1283ms] [LOG] [Fast Refresh] done in 276ms @ http://localhost:3000/_next/static/chunks/17tk_%40sentry_core_build_esm_0ff6m-w._.js:8898
[    4336ms] [INFO] [web-vitals] {type: web-vital, id: v4-1782858346785-9632083385832, name: FCP, value: 612, delta: 612} @ http://localhost:3000/_next/static/chunks/17tk_%40sentry_core_build_esm_0ff6m-w._.js:8898
[    4336ms] [INFO] [web-vitals] {type: web-vital, id: v4-1782858346786-8150815444057, name: FCP, value: 612, delta: 612} @ http://localhost:3000/_next/static/chunks/17tk_%40sentry_core_build_esm_0ff6m-w._.js:8898
[    4336ms] [INFO] [web-vitals] {type: web-vital, id: v4-1782858346785-9465074082100, name: TTFB, value: 196.30000001192093, delta: 196.30000001192093} @ http://localhost:3000/_next/static/chunks/17tk_%40sentry_core_build_esm_0ff6m-w._.js:8898
[    4336ms] [INFO] [web-vitals] {type: web-vital, id: v4-1782858346786-2467995719027, name: TTFB, value: 196.30000001192093, delta: 196.30000001192093} @ http://localhost:3000/_next/static/chunks/17tk_%40sentry_core_build_esm_0ff6m-w._.js:8898
[   18352ms] [LOG] [Fast Refresh] rebuilding @ http://localhost:3000/_next/static/chunks/17tk_%40sentry_core_build_esm_0ff6m-w._.js:8898
[   18427ms] [LOG] [Fast Refresh] done in 177ms @ http://localhost:3000/_next/static/chunks/17tk_%40sentry_core_build_esm_0ff6m-w._.js:8898
[   72972ms] [LOG] [Fast Refresh] rebuilding @ http://localhost:3000/_next/static/chunks/17tk_%40sentry_core_build_esm_0ff6m-w._.js:8898
[   73286ms] [LOG] [Fast Refresh] done in 404ms @ http://localhost:3000/_next/static/chunks/17tk_%40sentry_core_build_esm_0ff6m-w._.js:8898
[   79995ms] [LOG] [Fast Refresh] rebuilding @ http://localhost:3000/_next/static/chunks/17tk_%40sentry_core_build_esm_0ff6m-w._.js:8898
[   80232ms] [LOG] [Fast Refresh] done in 317ms @ http://localhost:3000/_next/static/chunks/17tk_%40sentry_core_build_esm_0ff6m-w._.js:8898
[   88211ms] [LOG] [Fast Refresh] rebuilding @ http://localhost:3000/_next/static/chunks/17tk_%40sentry_core_build_esm_0ff6m-w._.js:8898
[   88504ms] [LOG] [Fast Refresh] done in 369ms @ http://localhost:3000/_next/static/chunks/17tk_%40sentry_core_build_esm_0ff6m-w._.js:8898
[  116824ms] [LOG] [Fast Refresh] rebuilding @ http://localhost:3000/_next/static/chunks/17tk_%40sentry_core_build_esm_0ff6m-w._.js:8898
[  117067ms] [LOG] [Fast Refresh] done in 325ms @ http://localhost:3000/_next/static/chunks/17tk_%40sentry_core_build_esm_0ff6m-w._.js:8898
[  121621ms] [LOG] [Fast Refresh] rebuilding @ http://localhost:3000/_next/static/chunks/17tk_%40sentry_core_build_esm_0ff6m-w._.js:8898
[  122067ms] [LOG] [Fast Refresh] done in 421ms @ http://localhost:3000/_next/static/chunks/17tk_%40sentry_core_build_esm_0ff6m-w._.js:8898
[  129482ms] [LOG] [Fast Refresh] rebuilding @ http://localhost:3000/_next/static/chunks/17tk_%40sentry_core_build_esm_0ff6m-w._.js:8898
[  129678ms] [LOG] [Fast Refresh] done in 269ms @ http://localhost:3000/_next/static/chunks/17tk_%40sentry_core_build_esm_0ff6m-w._.js:8898
[  135354ms] [LOG] [Fast Refresh] rebuilding @ http://localhost:3000/_next/static/chunks/17tk_%40sentry_core_build_esm_0ff6m-w._.js:8898
[  135515ms] [LOG] [Fast Refresh] done in 241ms @ http://localhost:3000/_next/static/chunks/17tk_%40sentry_core_build_esm_0ff6m-w._.js:8898
[  143666ms] [LOG] [Fast Refresh] rebuilding @ http://localhost:3000/_next/static/chunks/17tk_%40sentry_core_build_esm_0ff6m-w._.js:8898
[  143686ms] [LOG] [Fast Refresh] done in 121ms @ http://localhost:3000/_next/static/chunks/17tk_%40sentry_core_build_esm_0ff6m-w._.js:8898
[  161472ms] [LOG] [Fast Refresh] rebuilding @ http://localhost:3000/_next/static/chunks/17tk_%40sentry_core_build_esm_0ff6m-w._.js:8898
[  161593ms] [LOG] [Fast Refresh] done in 196ms @ http://localhost:3000/_next/static/chunks/17tk_%40sentry_core_build_esm_0ff6m-w._.js:8898
[  173549ms] [LOG] [Fast Refresh] rebuilding @ http://localhost:3000/_next/static/chunks/17tk_%40sentry_core_build_esm_0ff6m-w._.js:8898
[  173797ms] [LOG] [Fast Refresh] done in 330ms @ http://localhost:3000/_next/static/chunks/17tk_%40sentry_core_build_esm_0ff6m-w._.js:8898
[  197030ms] [LOG] [Fast Refresh] rebuilding @ http://localhost:3000/_next/static/chunks/17tk_%40sentry_core_build_esm_0ff6m-w._.js:8898
[  197293ms] [LOG] [Fast Refresh] done in 356ms @ http://localhost:3000/_next/static/chunks/17tk_%40sentry_core_build_esm_0ff6m-w._.js:8898
[  201845ms] [LOG] [Fast Refresh] rebuilding @ http://localhost:3000/_next/static/chunks/17tk_%40sentry_core_build_esm_0ff6m-w._.js:8898
[  201861ms] [LOG] [Fast Refresh] done in 118ms @ http://localhost:3000/_next/static/chunks/17tk_%40sentry_core_build_esm_0ff6m-w._.js:8898
[  209585ms] [LOG] [Fast Refresh] rebuilding @ http://localhost:3000/_next/static/chunks/17tk_%40sentry_core_build_esm_0ff6m-w._.js:8898
[  210042ms] [LOG] [Fast Refresh] done in 539ms @ http://localhost:3000/_next/static/chunks/17tk_%40sentry_core_build_esm_0ff6m-w._.js:8898
[  292239ms] [LOG] [Fast Refresh] rebuilding @ http://localhost:3000/_next/static/chunks/17tk_%40sentry_core_build_esm_0ff6m-w._.js:8898
[  292653ms] [LOG] [Fast Refresh] done in 485ms @ http://localhost:3000/_next/static/chunks/17tk_%40sentry_core_build_esm_0ff6m-w._.js:8898
[  340659ms] [LOG] [Fast Refresh] rebuilding @ http://localhost:3000/_next/static/chunks/17tk_%40sentry_core_build_esm_0ff6m-w._.js:8898
[  340881ms] [LOG] [Fast Refresh] done in 301ms @ http://localhost:3000/_next/static/chunks/17tk_%40sentry_core_build_esm_0ff6m-w._.js:8898
[  343929ms] [LOG] [Fast Refresh] rebuilding @ http://localhost:3000/_next/static/chunks/17tk_%40sentry_core_build_esm_0ff6m-w._.js:8898
[  344085ms] [LOG] [Fast Refresh] done in 221ms @ http://localhost:3000/_next/static/chunks/17tk_%40sentry_core_build_esm_0ff6m-w._.js:8898
[  370985ms] [LOG] [Fast Refresh] rebuilding @ http://localhost:3000/_next/static/chunks/17tk_%40sentry_core_build_esm_0ff6m-w._.js:8898
[  371220ms] [LOG] [Fast Refresh] done in 310ms @ http://localhost:3000/_next/static/chunks/17tk_%40sentry_core_build_esm_0ff6m-w._.js:8898
[  378984ms] [LOG] [Fast Refresh] rebuilding @ http://localhost:3000/_next/static/chunks/17tk_%40sentry_core_build_esm_0ff6m-w._.js:8898
[  379177ms] [LOG] [Fast Refresh] done in 274ms @ http://localhost:3000/_next/static/chunks/17tk_%40sentry_core_build_esm_0ff6m-w._.js:8898
[  392858ms] [LOG] [Fast Refresh] rebuilding @ http://localhost:3000/_next/static/chunks/17tk_%40sentry_core_build_esm_0ff6m-w._.js:8898
[  393092ms] [LOG] [Fast Refresh] done in 303ms @ http://localhost:3000/_next/static/chunks/17tk_%40sentry_core_build_esm_0ff6m-w._.js:8898
[  518280ms] [LOG] [Fast Refresh] rebuilding @ http://localhost:3000/_next/static/chunks/17tk_%40sentry_core_build_esm_0ff6m-w._.js:8898
[  520144ms] [LOG] [Fast Refresh] done in 1935ms @ http://localhost:3000/_next/static/chunks/17tk_%40sentry_core_build_esm_0ff6m-w._.js:8898
[  520738ms] [LOG] [Fast Refresh] rebuilding @ http://localhost:3000/_next/static/chunks/17tk_%40sentry_core_build_esm_0ff6m-w._.js:8898
[  521035ms] [LOG] [Fast Refresh] done in 399ms @ http://localhost:3000/_next/static/chunks/17tk_%40sentry_core_build_esm_0ff6m-w._.js:8898
[  521229ms] [LOG] [Fast Refresh] rebuilding @ http://localhost:3000/_next/static/chunks/17tk_%40sentry_core_build_esm_0ff6m-w._.js:8898
[  521309ms] [LOG] [Fast Refresh] done in 181ms @ http://localhost:3000/_next/static/chunks/17tk_%40sentry_core_build_esm_0ff6m-w._.js:8898
[  522387ms] [LOG] [Fast Refresh] rebuilding @ http://localhost:3000/_next/static/chunks/17tk_%40sentry_core_build_esm_0ff6m-w._.js:8898
[  522769ms] [LOG] [Fast Refresh] done in 484ms @ http://localhost:3000/_next/static/chunks/17tk_%40sentry_core_build_esm_0ff6m-w._.js:8898
[  522956ms] [LOG] [Fast Refresh] rebuilding @ http://localhost:3000/_next/static/chunks/17tk_%40sentry_core_build_esm_0ff6m-w._.js:8898
[  522983ms] [LOG] [Fast Refresh] done in 126ms @ http://localhost:3000/_next/static/chunks/17tk_%40sentry_core_build_esm_0ff6m-w._.js:8898
[  523193ms] [INFO] [web-vitals] {type: web-vital, id: v4-1782858865641-7624623889498, name: FCP, value: 612, delta: 612} @ http://localhost:3000/_next/static/chunks/17tk_%40sentry_core_build_esm_0ff6m-w._.js:8898
[  523196ms] [INFO] [web-vitals] {type: web-vital, id: v4-1782858865641-3249817892887, name: TTFB, value: 196.30000001192093, delta: 196.30000001192093} @ http://localhost:3000/_next/static/chunks/17tk_%40sentry_core_build_esm_0ff6m-w._.js:8898
[  524295ms] [INFO] %cDownload the React DevTools for a better development experience: https://react.dev/link/react-devtools font-weight:bold @ http://localhost:3000/_next/static/chunks/17tk_%40sentry_core_build_esm_0ff6m-w._.js:8898
[  524400ms] [LOG] [HMR] connected @ http://localhost:3000/_next/static/chunks/17tk_%40sentry_core_build_esm_0ff6m-w._.js:8898
[  524683ms] [LOG] [Fast Refresh] rebuilding @ http://localhost:3000/_next/static/chunks/17tk_%40sentry_core_build_esm_0ff6m-w._.js:8898
[  524781ms] [LOG] [Fast Refresh] done in 247ms @ http://localhost:3000/_next/static/chunks/17tk_%40sentry_core_build_esm_0ff6m-w._.js:8898
[  524925ms] [LOG] [Fast Refresh] rebuilding @ http://localhost:3000/_next/static/chunks/17tk_%40sentry_core_build_esm_0ff6m-w._.js:8898
[  524936ms] [LOG] [Fast Refresh] done in 117ms @ http://localhost:3000/_next/static/chunks/17tk_%40sentry_core_build_esm_0ff6m-w._.js:8898
[  528123ms] [LOG] [Fast Refresh] rebuilding @ http://localhost:3000/_next/static/chunks/17tk_%40sentry_core_build_esm_0ff6m-w._.js:8898
[  528199ms] [LOG] [Fast Refresh] done in 177ms @ http://localhost:3000/_next/static/chunks/17tk_%40sentry_core_build_esm_0ff6m-w._.js:8898
[  528329ms] [INFO] [web-vitals] {type: web-vital, id: v4-1782858870781-9096663147913, name: FCP, value: 4180, delta: 4180} @ http://localhost:3000/_next/static/chunks/17tk_%40sentry_core_build_esm_0ff6m-w._.js:8898
[  528329ms] [INFO] [web-vitals] {type: web-vital, id: v4-1782858870787-3579355830472, name: FCP, value: 4180, delta: 4180} @ http://localhost:3000/_next/static/chunks/17tk_%40sentry_core_build_esm_0ff6m-w._.js:8898
[  528329ms] [INFO] [web-vitals] {type: web-vital, id: v4-1782858870781-2064240641806, name: TTFB, value: 3698.7000000476837, delta: 3698.7000000476837} @ http://localhost:3000/_next/static/chunks/17tk_%40sentry_core_build_esm_0ff6m-w._.js:8898
[  528349ms] [INFO] [web-vitals] {type: web-vital, id: v4-1782858870787-6475083284013, name: TTFB, value: 3698.7000000476837, delta: 3698.7000000476837} @ http://localhost:3000/_next/static/chunks/17tk_%40sentry_core_build_esm_0ff6m-w._.js:8898
[  528453ms] [LOG] [Fast Refresh] rebuilding @ http://localhost:3000/_next/static/chunks/17tk_%40sentry_core_build_esm_0ff6m-w._.js:8898
[  528466ms] [LOG] [Fast Refresh] done in 113ms @ http://localhost:3000/_next/static/chunks/17tk_%40sentry_core_build_esm_0ff6m-w._.js:8898
[  560765ms] [LOG] [Fast Refresh] rebuilding @ http://localhost:3000/_next/static/chunks/17tk_%40sentry_core_build_esm_0ff6m-w._.js:8898
[  561510ms] [ERROR] [instrumentation-client] client_error {event: client_error, level: error, data: Object, context: Object} @ http://localhost:3000/_next/static/chunks/17tk_%40sentry_core_build_esm_0ff6m-w._.js:8898
[  562282ms] ReferenceError: TypographyH2 is not defined
    at NewsletterForm (http://localhost:3000/_next/static/chunks/src_045155-._.js?id=%255Bproject%255D%252Fsrc%252Fcomponents%252Fform%252Fcomponents%252FNewsLetterForm.tsx+%255Bapp-client%255D+%2528ecmascript%2529:118:432)
    at Object.react_stack_bottom_frame (http://localhost:3000/_next/static/chunks/0ss6_next_dist_compiled_react-dom_1cw7ija._.js:15037:24)
    at renderWithHooks (http://localhost:3000/_next/static/chunks/0ss6_next_dist_compiled_react-dom_1cw7ija._.js:4620:24)
    at updateFunctionComponent (http://localhost:3000/_next/static/chunks/0ss6_next_dist_compiled_react-dom_1cw7ija._.js:6081:21)
    at beginWork (http://localhost:3000/_next/static/chunks/0ss6_next_dist_compiled_react-dom_1cw7ija._.js:6691:24)
    at runWithFiberInDEV (http://localhost:3000/_next/static/chunks/0ss6_next_dist_compiled_react-dom_1cw7ija._.js:965:74)
    at performUnitOfWork (http://localhost:3000/_next/static/chunks/0ss6_next_dist_compiled_react-dom_1cw7ija._.js:9555:97)
    at workLoopSync (http://localhost:3000/_next/static/chunks/0ss6_next_dist_compiled_react-dom_1cw7ija._.js:9449:40)
    at renderRootSync (http://localhost:3000/_next/static/chunks/0ss6_next_dist_compiled_react-dom_1cw7ija._.js:9433:13)
    at performWorkOnRoot (http://localhost:3000/_next/static/chunks/0ss6_next_dist_compiled_react-dom_1cw7ija._.js:9061:186)
    at performSyncWorkOnRoot (http://localhost:3000/_next/static/chunks/0ss6_next_dist_compiled_react-dom_1cw7ija._.js:10263:9)
    at flushSyncWorkAcrossRoots_impl (http://localhost:3000/_next/static/chunks/0ss6_next_dist_compiled_react-dom_1cw7ija._.js:10179:316)
    at flushSyncWork$1 (http://localhost:3000/_next/static/chunks/0ss6_next_dist_compiled_react-dom_1cw7ija._.js:9230:86)
    at Object.scheduleRefresh (http://localhost:3000/_next/static/chunks/0ss6_next_dist_compiled_react-dom_1cw7ija._.js:299:13)
    at http://localhost:3000/_next/static/chunks/0ss6_next_dist_compiled_0atciur._.js:391:33
    at Set.forEach (<anonymous>)
    at Object.performReactRefresh (http://localhost:3000/_next/static/chunks/0ss6_next_dist_compiled_0atciur._.js:384:38)
    at applyUpdate (http://localhost:3000/_next/static/chunks/0ss6_next_dist_compiled_0atciur._.js:878:31)
    at http://localhost:3000/_next/static/chunks/0ss6_next_dist_compiled_0atciur._.js:886:13
[  561609ms] [LOG] [Fast Refresh] done in 816ms @ http://localhost:3000/_next/static/chunks/17tk_%40sentry_core_build_esm_0ff6m-w._.js:8898
[  561840ms] [LOG] [Fast Refresh] rebuilding @ http://localhost:3000/_next/static/chunks/17tk_%40sentry_core_build_esm_0ff6m-w._.js:8898
[  561875ms] [LOG] [Fast Refresh] done in 135ms @ http://localhost:3000/_next/static/chunks/17tk_%40sentry_core_build_esm_0ff6m-w._.js:8898
[  562009ms] [LOG] [Fast Refresh] rebuilding @ http://localhost:3000/_next/static/chunks/17tk_%40sentry_core_build_esm_0ff6m-w._.js:8898
[  562186ms] [LOG] [Fast Refresh] done in 279ms @ http://localhost:3000/_next/static/chunks/17tk_%40sentry_core_build_esm_0ff6m-w._.js:8898
[  563605ms] [LOG] [Fast Refresh] rebuilding @ http://localhost:3000/_next/static/chunks/17tk_%40sentry_core_build_esm_0ff6m-w._.js:8898
[  563632ms] [LOG] [Fast Refresh] done in 128ms @ http://localhost:3000/_next/static/chunks/17tk_%40sentry_core_build_esm_0ff6m-w._.js:8898
[  564216ms] [LOG] [Fast Refresh] rebuilding @ http://localhost:3000/_next/static/chunks/17tk_%40sentry_core_build_esm_0ff6m-w._.js:8898
[  564236ms] [LOG] [Fast Refresh] done in 122ms @ http://localhost:3000/_next/static/chunks/17tk_%40sentry_core_build_esm_0ff6m-w._.js:8898
[  567372ms] [INFO] %cDownload the React DevTools for a better development experience: https://react.dev/link/react-devtools font-weight:bold @ http://localhost:3000/_next/static/chunks/17tk_%40sentry_core_build_esm_0ff6m-w._.js:8898
[  567422ms] [LOG] [HMR] connected @ http://localhost:3000/_next/static/chunks/17tk_%40sentry_core_build_esm_0ff6m-w._.js:8898
[  567650ms] [LOG] [Fast Refresh] rebuilding @ http://localhost:3000/_next/static/chunks/17tk_%40sentry_core_build_esm_0ff6m-w._.js:8898
[  570061ms] [LOG] [Fast Refresh] done in 2511ms @ http://localhost:3000/_next/static/chunks/17tk_%40sentry_core_build_esm_0ff6m-w._.js:8898
[  570197ms] [LOG] [Fast Refresh] rebuilding @ http://localhost:3000/_next/static/chunks/17tk_%40sentry_core_build_esm_0ff6m-w._.js:8898
[  570900ms] [LOG] [Fast Refresh] done in 803ms @ http://localhost:3000/_next/static/chunks/17tk_%40sentry_core_build_esm_0ff6m-w._.js:8898
[  570911ms] [ERROR] [instrumentation-client] client_error {event: client_error, level: error, data: Object, context: Object} @ http://localhost:3000/_next/static/chunks/17tk_%40sentry_core_build_esm_0ff6m-w._.js:8898
[  571116ms] Error: Switched to client rendering because the server rendering errored:

TypographyH2 is not defined
    at NewsletterForm (/Users/kristofferohnstadhjelmeland/utekos-headless/.next/dev/server/chunks/ssr/[root-of-the-server]__1iba95m._.js:1559:489)
    at Object.react_stack_bottom_frame (/Users/kristofferohnstadhjelmeland/utekos-headless/node_modules/.pnpm/next@16.2.9_@babel+core@7.29.7_@opentelemetry+api@1.9.1_babel-plugin-macros@3.1.0_babel_b1918157dc92fc64ab4dbbaff56140d4/node_modules/next/dist/compiled/next-server/app-page-turbo.runtime.dev.js:2:311311)
    at renderWithHooks (/Users/kristofferohnstadhjelmeland/utekos-headless/node_modules/.pnpm/next@16.2.9_@babel+core@7.29.7_@opentelemetry+api@1.9.1_babel-plugin-macros@3.1.0_babel_b1918157dc92fc64ab4dbbaff56140d4/node_modules/next/dist/compiled/next-server/app-page-turbo.runtime.dev.js:2:118339)
    at renderElement (/Users/kristofferohnstadhjelmeland/utekos-headless/node_modules/.pnpm/next@16.2.9_@babel+core@7.29.7_@opentelemetry+api@1.9.1_babel-plugin-macros@3.1.0_babel_b1918157dc92fc64ab4dbbaff56140d4/node_modules/next/dist/compiled/next-server/app-page-turbo.runtime.dev.js:2:133011)
    at retryNode (/Users/kristofferohnstadhjelmeland/utekos-headless/node_modules/.pnpm/next@16.2.9_@babel+core@7.29.7_@opentelemetry+api@1.9.1_babel-plugin-macros@3.1.0_babel_b1918157dc92fc64ab4dbbaff56140d4/node_modules/next/dist/compiled/next-server/app-page-turbo.runtime.dev.js:2:201940)
    at renderNodeDestructive (/Users/kristofferohnstadhjelmeland/utekos-headless/node_modules/.pnpm/next@16.2.9_@babel+core@7.29.7_@opentelemetry+api@1.9.1_babel-plugin-macros@3.1.0_babel_b1918157dc92fc64ab4dbbaff56140d4/node_modules/next/dist/compiled/next-server/app-page-turbo.runtime.dev.js:2:201175)
    at renderNode (/Users/kristofferohnstadhjelmeland/utekos-headless/node_modules/.pnpm/next@16.2.9_@babel+core@7.29.7_@opentelemetry+api@1.9.1_babel-plugin-macros@3.1.0_babel_b1918157dc92fc64ab4dbbaff56140d4/node_modules/next/dist/compiled/next-server/app-page-turbo.runtime.dev.js:2:213093)
    at renderElement (/Users/kristofferohnstadhjelmeland/utekos-headless/node_modules/.pnpm/next@16.2.9_@babel+core@7.29.7_@opentelemetry+api@1.9.1_babel-plugin-macros@3.1.0_babel_b1918157dc92fc64ab4dbbaff56140d4/node_modules/next/dist/compiled/next-server/app-page-turbo.runtime.dev.js:2:181773)
    at retryNode (/Users/kristofferohnstadhjelmeland/utekos-headless/node_modules/.pnpm/next@16.2.9_@babel+core@7.29.7_@opentelemetry+api@1.9.1_babel-plugin-macros@3.1.0_babel_b1918157dc92fc64ab4dbbaff56140d4/node_modules/next/dist/compiled/next-server/app-page-turbo.runtime.dev.js:2:201940)
    at renderNodeDestructive (/Users/kristofferohnstadhjelmeland/utekos-headless/node_modules/.pnpm/next@16.2.9_@babel+core@7.29.7_@opentelemetry+api@1.9.1_babel-plugin-macros@3.1.0_babel_b1918157dc92fc64ab4dbbaff56140d4/node_modules/next/dist/compiled/next-server/app-page-turbo.runtime.dev.js:2:201175)
    at renderNode (/Users/kristofferohnstadhjelmeland/utekos-headless/node_modules/.pnpm/next@16.2.9_@babel+core@7.29.7_@opentelemetry+api@1.9.1_babel-plugin-macros@3.1.0_babel_b1918157dc92fc64ab4dbbaff56140d4/node_modules/next/dist/compiled/next-server/app-page-turbo.runtime.dev.js:2:213093)
    at renderElement (/Users/kristofferohnstadhjelmeland/utekos-headless/node_modules/.pnpm/next@16.2.9_@babel+core@7.29.7_@opentelemetry+api@1.9.1_babel-plugin-macros@3.1.0_babel_b1918157dc92fc64ab4dbbaff56140d4/node_modules/next/dist/compiled/next-server/app-page-turbo.runtime.dev.js:2:181773)
    at retryNode (/Users/kristofferohnstadhjelmeland/utekos-headless/node_modules/.pnpm/next@16.2.9_@babel+core@7.29.7_@opentelemetry+api@1.9.1_babel-plugin-macros@3.1.0_babel_b1918157dc92fc64ab4dbbaff56140d4/node_modules/next/dist/compiled/next-server/app-page-turbo.runtime.dev.js:2:201940)
    at renderNodeDestructive (/Users/kristofferohnstadhjelmeland/utekos-headless/node_modules/.pnpm/next@16.2.9_@babel+core@7.29.7_@opentelemetry+api@1.9.1_babel-plugin-macros@3.1.0_babel_b1918157dc92fc64ab4dbbaff56140d4/node_modules/next/dist/compiled/next-server/app-page-turbo.runtime.dev.js:2:201175)
    at finishFunctionComponent (/Users/kristofferohnstadhjelmeland/utekos-headless/node_modules/.pnpm/next@16.2.9_@babel+core@7.29.7_@opentelemetry+api@1.9.1_babel-plugin-macros@3.1.0_babel_b1918157dc92fc64ab4dbbaff56140d4/node_modules/next/dist/compiled/next-server/app-page-turbo.runtime.dev.js:2:119349)
    at renderElement (/Users/kristofferohnstadhjelmeland/utekos-headless/node_modules/.pnpm/next@16.2.9_@babel+core@7.29.7_@opentelemetry+api@1.9.1_babel-plugin-macros@3.1.0_babel_b1918157dc92fc64ab4dbbaff56140d4/node_modules/next/dist/compiled/next-server/app-page-turbo.runtime.dev.js:2:134520)
    at retryNode (/Users/kristofferohnstadhjelmeland/utekos-headless/node_modules/.pnpm/next@16.2.9_@babel+core@7.29.7_@opentelemetry+api@1.9.1_babel-plugin-macros@3.1.0_babel_b1918157dc92fc64ab4dbbaff56140d4/node_modules/next/dist/compiled/next-server/app-page-turbo.runtime.dev.js:2:201940)
    at renderNodeDestructive (/Users/kristofferohnstadhjelmeland/utekos-headless/node_modules/.pnpm/next@16.2.9_@babel+core@7.29.7_@opentelemetry+api@1.9.1_babel-plugin-macros@3.1.0_babel_b1918157dc92fc64ab4dbbaff56140d4/node_modules/next/dist/compiled/next-server/app-page-turbo.runtime.dev.js:2:201175)
    at finishFunctionComponent (/Users/kristofferohnstadhjelmeland/utekos-headless/node_modules/.pnpm/next@16.2.9_@babel+core@7.29.7_@opentelemetry+api@1.9.1_babel-plugin-macros@3.1.0_babel_b1918157dc92fc64ab4dbbaff56140d4/node_modules/next/dist/compiled/next-server/app-page-turbo.runtime.dev.js:2:119349)
    at renderElement (/Users/kristofferohnstadhjelmeland/utekos-headless/node_modules/.pnpm/next@16.2.9_@babel+core@7.29.7_@opentelemetry+api@1.9.1_babel-plugin-macros@3.1.0_babel_b1918157dc92fc64ab4dbbaff56140d4/node_modules/next/dist/compiled/next-server/app-page-turbo.runtime.dev.js:2:134520)
    at renderElement (/Users/kristofferohnstadhjelmeland/utekos-headless/node_modules/.pnpm/next@16.2.9_@babel+core@7.29.7_@opentelemetry+api@1.9.1_babel-plugin-macros@3.1.0_babel_b1918157dc92fc64ab4dbbaff56140d4/node_modules/next/dist/compiled/next-server/app-page-turbo.runtime.dev.js:2:194974)
    at retryNode (/Users/kristofferohnstadhjelmeland/utekos-headless/node_modules/.pnpm/next@16.2.9_@babel+core@7.29.7_@opentelemetry+api@1.9.1_babel-plugin-macros@3.1.0_babel_b1918157dc92fc64ab4dbbaff56140d4/node_modules/next/dist/compiled/next-server/app-page-turbo.runtime.dev.js:2:201940)
    at renderNodeDestructive (/Users/kristofferohnstadhjelmeland/utekos-headless/node_modules/.pnpm/next@16.2.9_@babel+core@7.29.7_@opentelemetry+api@1.9.1_babel-plugin-macros@3.1.0_babel_b1918157dc92fc64ab4dbbaff56140d4/node_modules/next/dist/compiled/next-server/app-page-turbo.runtime.dev.js:2:201175)
    at renderNode (/Users/kristofferohnstadhjelmeland/utekos-headless/node_modules/.pnpm/next@16.2.9_@babel+core@7.29.7_@opentelemetry+api@1.9.1_babel-plugin-macros@3.1.0_babel_b1918157dc92fc64ab4dbbaff56140d4/node_modules/next/dist/compiled/next-server/app-page-turbo.runtime.dev.js:2:213093)
    at renderChildrenArray (/Users/kristofferohnstadhjelmeland/utekos-headless/node_modules/.pnpm/next@16.2.9_@babel+core@7.29.7_@opentelemetry+api@1.9.1_babel-plugin-macros@3.1.0_babel_b1918157dc92fc64ab4dbbaff56140d4/node_modules/next/dist/compiled/next-server/app-page-turbo.runtime.dev.js:2:207654)
    at retryNode (/Users/kristofferohnstadhjelmeland/utekos-headless/node_modules/.pnpm/next@16.2.9_@babel+core@7.29.7_@opentelemetry+api@1.9.1_babel-plugin-macros@3.1.0_babel_b1918157dc92fc64ab4dbbaff56140d4/node_modules/next/dist/compiled/next-server/app-page-turbo.runtime.dev.js:2:202417)
    at renderNodeDestructive (/Users/kristofferohnstadhjelmeland/utekos-headless/node_modules/.pnpm/next@16.2.9_@babel+core@7.29.7_@opentelemetry+api@1.9.1_babel-plugin-macros@3.1.0_babel_b1918157dc92fc64ab4dbbaff56140d4/node_modules/next/dist/compiled/next-server/app-page-turbo.runtime.dev.js:2:201175)
    at renderNode (/Users/kristofferohnstadhjelmeland/utekos-headless/node_modules/.pnpm/next@16.2.9_@babel+core@7.29.7_@opentelemetry+api@1.9.1_babel-plugin-macros@3.1.0_babel_b1918157dc92fc64ab4dbbaff56140d4/node_modules/next/dist/compiled/next-server/app-page-turbo.runtime.dev.js:2:213093)
    at renderElement (/Users/kristofferohnstadhjelmeland/utekos-headless/node_modules/.pnpm/next@16.2.9_@babel+core@7.29.7_@opentelemetry+api@1.9.1_babel-plugin-macros@3.1.0_babel_b1918157dc92fc64ab4dbbaff56140d4/node_modules/next/dist/compiled/next-server/app-page-turbo.runtime.dev.js:2:181773)
    at retryNode (/Users/kristofferohnstadhjelmeland/utekos-headless/node_modules/.pnpm/next@16.2.9_@babel+core@7.29.7_@opentelemetry+api@1.9.1_babel-plugin-macros@3.1.0_babel_b1918157dc92fc64ab4dbbaff56140d4/node_modules/next/dist/compiled/next-server/app-page-turbo.runtime.dev.js:2:201940)
    at renderNodeDestructive (/Users/kristofferohnstadhjelmeland/utekos-headless/node_modules/.pnpm/next@16.2.9_@babel+core@7.29.7_@opentelemetry+api@1.9.1_babel-plugin-macros@3.1.0_babel_b1918157dc92fc64ab4dbbaff56140d4/node_modules/next/dist/compiled/next-server/app-page-turbo.runtime.dev.js:2:201175)
    at renderNode (/Users/kristofferohnstadhjelmeland/utekos-headless/node_modules/.pnpm/next@16.2.9_@babel+core@7.29.7_@opentelemetry+api@1.9.1_babel-plugin-macros@3.1.0_babel_b1918157dc92fc64ab4dbbaff56140d4/node_modules/next/dist/compiled/next-server/app-page-turbo.runtime.dev.js:2:213093)
    at renderElement (/Users/kristofferohnstadhjelmeland/utekos-headless/node_modules/.pnpm/next@16.2.9_@babel+core@7.29.7_@opentelemetry+api@1.9.1_babel-plugin-macros@3.1.0_babel_b1918157dc92fc64ab4dbbaff56140d4/node_modules/next/dist/compiled/next-server/app-page-turbo.runtime.dev.js:2:181773)
    at retryNode (/Users/kristofferohnstadhjelmeland/utekos-headless/node_modules/.pnpm/next@16.2.9_@babel+core@7.29.7_@opentelemetry+api@1.9.1_babel-plugin-macros@3.1.0_babel_b1918157dc92fc64ab4dbbaff56140d4/node_modules/next/dist/compiled/next-server/app-page-turbo.runtime.dev.js:2:201940)
    at renderNodeDestructive (/Users/kristofferohnstadhjelmeland/utekos-headless/node_modules/.pnpm/next@16.2.9_@babel+core@7.29.7_@opentelemetry+api@1.9.1_babel-plugin-macros@3.1.0_babel_b1918157dc92fc64ab4dbbaff56140d4/node_modules/next/dist/compiled/next-server/app-page-turbo.runtime.dev.js:2:201175)
    at renderNode (/Users/kristofferohnstadhjelmeland/utekos-headless/node_modules/.pnpm/next@16.2.9_@babel+core@7.29.7_@opentelemetry+api@1.9.1_babel-plugin-macros@3.1.0_babel_b1918157dc92fc64ab4dbbaff56140d4/node_modules/next/dist/compiled/next-server/app-page-turbo.runtime.dev.js:2:213093)
    at renderChildrenArray (/Users/kristofferohnstadhjelmeland/utekos-headless/node_modules/.pnpm/next@16.2.9_@babel+core@7.29.7_@opentelemetry+api@1.9.1_babel-plugin-macros@3.1.0_babel_b1918157dc92fc64ab4dbbaff56140d4/node_modules/next/dist/compiled/next-server/app-page-turbo.runtime.dev.js:2:207654)
    at retryNode (/Users/kristofferohnstadhjelmeland/utekos-headless/node_modules/.pnpm/next@16.2.9_@babel+core@7.29.7_@opentelemetry+api@1.9.1_babel-plugin-macros@3.1.0_babel_b1918157dc92fc64ab4dbbaff56140d4/node_modules/next/dist/compiled/next-server/app-page-turbo.runtime.dev.js:2:202417)
    at renderNodeDestructive (/Users/kristofferohnstadhjelmeland/utekos-headless/node_modules/.pnpm/next@16.2.9_@babel+core@7.29.7_@opentelemetry+api@1.9.1_babel-plugin-macros@3.1.0_babel_b1918157dc92fc64ab4dbbaff56140d4/node_modules/next/dist/compiled/next-server/app-page-turbo.runtime.dev.js:2:201175)
    at renderElement (/Users/kristofferohnstadhjelmeland/utekos-headless/node_modules/.pnpm/next@16.2.9_@babel+core@7.29.7_@opentelemetry+api@1.9.1_babel-plugin-macros@3.1.0_babel_b1918157dc92fc64ab4dbbaff56140d4/node_modules/next/dist/compiled/next-server/app-page-turbo.runtime.dev.js:2:182673)
    at retryNode (/Users/kristofferohnstadhjelmeland/utekos-headless/node_modules/.pnpm/next@16.2.9_@babel+core@7.29.7_@opentelemetry+api@1.9.1_babel-plugin-macros@3.1.0_babel_b1918157dc92fc64ab4dbbaff56140d4/node_modules/next/dist/compiled/next-server/app-page-turbo.runtime.dev.js:2:201940)
    at renderNodeDestructive (/Users/kristofferohnstadhjelmeland/utekos-headless/node_modules/.pnpm/next@16.2.9_@babel+core@7.29.7_@opentelemetry+api@1.9.1_babel-plugin-macros@3.1.0_babel_b1918157dc92fc64ab4dbbaff56140d4/node_modules/next/dist/compiled/next-server/app-page-turbo.runtime.dev.js:2:201175)
    at finishFunctionComponent (/Users/kristofferohnstadhjelmeland/utekos-headless/node_modules/.pnpm/next@16.2.9_@babel+core@7.29.7_@opentelemetry+api@1.9.1_babel-plugin-macros@3.1.0_babel_b1918157dc92fc64ab4dbbaff56140d4/node_modules/next/dist/compiled/next-server/app-page-turbo.runtime.dev.js:2:119349)
    at renderElement (/Users/kristofferohnstadhjelmeland/utekos-headless/node_modules/.pnpm/next@16.2.9_@babel+core@7.29.7_@opentelemetry+api@1.9.1_babel-plugin-macros@3.1.0_babel_b1918157dc92fc64ab4dbbaff56140d4/node_modules/next/dist/compiled/next-server/app-page-turbo.runtime.dev.js:2:134520)
    at renderElement (/Users/kristofferohnstadhjelmeland/utekos-headless/node_modules/.pnpm/next@16.2.9_@babel+core@7.29.7_@opentelemetry+api@1.9.1_babel-plugin-macros@3.1.0_babel_b1918157dc92fc64ab4dbbaff56140d4/node_modules/next/dist/compiled/next-server/app-page-turbo.runtime.dev.js:2:194974)
    at retryNode (/Users/kristofferohnstadhjelmeland/utekos-headless/node_modules/.pnpm/next@16.2.9_@babel+core@7.29.7_@opentelemetry+api@1.9.1_babel-plugin-macros@3.1.0_babel_b1918157dc92fc64ab4dbbaff56140d4/node_modules/next/dist/compiled/next-server/app-page-turbo.runtime.dev.js:2:201940)
    at renderNodeDestructive (/Users/kristofferohnstadhjelmeland/utekos-headless/node_modules/.pnpm/next@16.2.9_@babel+core@7.29.7_@opentelemetry+api@1.9.1_babel-plugin-macros@3.1.0_babel_b1918157dc92fc64ab4dbbaff56140d4/node_modules/next/dist/compiled/next-server/app-page-turbo.runtime.dev.js:2:201175)
    at renderElement (/Users/kristofferohnstadhjelmeland/utekos-headless/node_modules/.pnpm/next@16.2.9_@babel+core@7.29.7_@opentelemetry+api@1.9.1_babel-plugin-macros@3.1.0_babel_b1918157dc92fc64ab4dbbaff56140d4/node_modules/next/dist/compiled/next-server/app-page-turbo.runtime.dev.js:2:193338)
    at retryNode (/Users/kristofferohnstadhjelmeland/utekos-headless/node_modules/.pnpm/next@16.2.9_@babel+core@7.29.7_@opentelemetry+api@1.9.1_babel-plugin-macros@3.1.0_babel_b1918157dc92fc64ab4dbbaff56140d4/node_modules/next/dist/compiled/next-server/app-page-turbo.runtime.dev.js:2:201940)
    at renderNodeDestructive (/Users/kristofferohnstadhjelmeland/utekos-headless/node_modules/.pnpm/next@16.2.9_@babel+core@7.29.7_@opentelemetry+api@1.9.1_babel-plugin-macros@3.1.0_babel_b1918157dc92fc64ab4dbbaff56140d4/node_modules/next/dist/compiled/next-server/app-page-turbo.runtime.dev.js:2:201175)
[  574097ms] [ERROR] Encountered a script tag while rendering React component. Scripts inside React components are never executed when rendering on the client. Consider using template tag instead (https://developer.mozilla.org/en-US/docs/Web/HTML/Element/template). @ http://localhost:3000/_next/static/chunks/17tk_%40sentry_core_build_esm_0ff6m-w._.js:8898
[  574210ms] [LOG] [Fast Refresh] rebuilding @ http://localhost:3000/_next/static/chunks/17tk_%40sentry_core_build_esm_0ff6m-w._.js:8898
[  574264ms] [ERROR] [instrumentation-client] client_error {event: client_error, level: error, data: Object, context: Object} @ http://localhost:3000/_next/static/chunks/17tk_%40sentry_core_build_esm_0ff6m-w._.js:8898
[  574269ms] ReferenceError: TypographyH2 is not defined
    at NewsletterForm (http://localhost:3000/_next/static/chunks/src_045155-._.js:2260:432)
    at Object.react_stack_bottom_frame (http://localhost:3000/_next/static/chunks/0ss6_next_dist_compiled_react-dom_1cw7ija._.js:15037:24)
    at renderWithHooks (http://localhost:3000/_next/static/chunks/0ss6_next_dist_compiled_react-dom_1cw7ija._.js:4620:24)
    at updateFunctionComponent (http://localhost:3000/_next/static/chunks/0ss6_next_dist_compiled_react-dom_1cw7ija._.js:6081:21)
    at beginWork (http://localhost:3000/_next/static/chunks/0ss6_next_dist_compiled_react-dom_1cw7ija._.js:6691:24)
    at runWithFiberInDEV (http://localhost:3000/_next/static/chunks/0ss6_next_dist_compiled_react-dom_1cw7ija._.js:965:74)
    at performUnitOfWork (http://localhost:3000/_next/static/chunks/0ss6_next_dist_compiled_react-dom_1cw7ija._.js:9555:97)
    at workLoopSync (http://localhost:3000/_next/static/chunks/0ss6_next_dist_compiled_react-dom_1cw7ija._.js:9449:40)
    at renderRootSync (http://localhost:3000/_next/static/chunks/0ss6_next_dist_compiled_react-dom_1cw7ija._.js:9433:13)
    at performWorkOnRoot (http://localhost:3000/_next/static/chunks/0ss6_next_dist_compiled_react-dom_1cw7ija._.js:9098:47)
    at performWorkOnRootViaSchedulerTask (http://localhost:3000/_next/static/chunks/0ss6_next_dist_compiled_react-dom_1cw7ija._.js:10255:9)
    at MessagePort.performWorkUntilDeadline (http://localhost:3000/_next/static/chunks/0ss6_next_dist_compiled_0atciur._.js:3289:64)
[  574315ms] [LOG] [Fast Refresh] done in 213ms @ http://localhost:3000/_next/static/chunks/17tk_%40sentry_core_build_esm_0ff6m-w._.js:8898
[  578873ms] [LOG] [Fast Refresh] rebuilding @ http://localhost:3000/_next/static/chunks/17tk_%40sentry_core_build_esm_0ff6m-w._.js:8898
[  579111ms] [WARNING] [Fast Refresh] performing full reload because your application had an unrecoverable error @ http://localhost:3000/_next/static/chunks/17tk_%40sentry_core_build_esm_0ff6m-w._.js:8898
[  579161ms] [LOG] [Fast Refresh] done in 337ms @ http://localhost:3000/_next/static/chunks/17tk_%40sentry_core_build_esm_0ff6m-w._.js:8898
[  579503ms] [LOG] [Fast Refresh] rebuilding @ http://localhost:3000/_next/static/chunks/17tk_%40sentry_core_build_esm_0ff6m-w._.js:8898
[  579570ms] [LOG] [Fast Refresh] done in 173ms @ http://localhost:3000/_next/static/chunks/17tk_%40sentry_core_build_esm_0ff6m-w._.js:8898
[  582569ms] [INFO] %cDownload the React DevTools for a better development experience: https://react.dev/link/react-devtools font-weight:bold @ http://localhost:3000/_next/static/chunks/17tk_%40sentry_core_build_esm_0ff6m-w._.js:8898
[  582596ms] [LOG] [HMR] connected @ http://localhost:3000/_next/static/chunks/17tk_%40sentry_core_build_esm_0ff6m-w._.js:8898
[  582761ms] [LOG] [Fast Refresh] rebuilding @ http://localhost:3000/_next/static/chunks/17tk_%40sentry_core_build_esm_0ff6m-w._.js:8898
[  585038ms] [LOG] [Fast Refresh] done in 2385ms @ http://localhost:3000/_next/static/chunks/17tk_%40sentry_core_build_esm_0ff6m-w._.js:8898
[  585181ms] [LOG] [Fast Refresh] rebuilding @ http://localhost:3000/_next/static/chunks/17tk_%40sentry_core_build_esm_0ff6m-w._.js:8898
[  585219ms] [LOG] [Fast Refresh] done in 139ms @ http://localhost:3000/_next/static/chunks/17tk_%40sentry_core_build_esm_0ff6m-w._.js:8898
[  585423ms] [ERROR] [instrumentation-client] client_error {event: client_error, level: error, data: Object, context: Object} @ http://localhost:3000/_next/static/chunks/17tk_%40sentry_core_build_esm_0ff6m-w._.js:8898
[  585515ms] Error: Switched to client rendering because the server rendering errored:

TypographyH2 is not defined
    at NewsletterForm (/Users/kristofferohnstadhjelmeland/utekos-headless/.next/dev/server/chunks/ssr/[root-of-the-server]__1iba95m._.js:1559:489)
    at Object.react_stack_bottom_frame (/Users/kristofferohnstadhjelmeland/utekos-headless/node_modules/.pnpm/next@16.2.9_@babel+core@7.29.7_@opentelemetry+api@1.9.1_babel-plugin-macros@3.1.0_babel_b1918157dc92fc64ab4dbbaff56140d4/node_modules/next/dist/compiled/next-server/app-page-turbo.runtime.dev.js:2:311311)
    at renderWithHooks (/Users/kristofferohnstadhjelmeland/utekos-headless/node_modules/.pnpm/next@16.2.9_@babel+core@7.29.7_@opentelemetry+api@1.9.1_babel-plugin-macros@3.1.0_babel_b1918157dc92fc64ab4dbbaff56140d4/node_modules/next/dist/compiled/next-server/app-page-turbo.runtime.dev.js:2:118339)
    at renderElement (/Users/kristofferohnstadhjelmeland/utekos-headless/node_modules/.pnpm/next@16.2.9_@babel+core@7.29.7_@opentelemetry+api@1.9.1_babel-plugin-macros@3.1.0_babel_b1918157dc92fc64ab4dbbaff56140d4/node_modules/next/dist/compiled/next-server/app-page-turbo.runtime.dev.js:2:133011)
    at retryNode (/Users/kristofferohnstadhjelmeland/utekos-headless/node_modules/.pnpm/next@16.2.9_@babel+core@7.29.7_@opentelemetry+api@1.9.1_babel-plugin-macros@3.1.0_babel_b1918157dc92fc64ab4dbbaff56140d4/node_modules/next/dist/compiled/next-server/app-page-turbo.runtime.dev.js:2:201940)
    at renderNodeDestructive (/Users/kristofferohnstadhjelmeland/utekos-headless/node_modules/.pnpm/next@16.2.9_@babel+core@7.29.7_@opentelemetry+api@1.9.1_babel-plugin-macros@3.1.0_babel_b1918157dc92fc64ab4dbbaff56140d4/node_modules/next/dist/compiled/next-server/app-page-turbo.runtime.dev.js:2:201175)
    at renderNode (/Users/kristofferohnstadhjelmeland/utekos-headless/node_modules/.pnpm/next@16.2.9_@babel+core@7.29.7_@opentelemetry+api@1.9.1_babel-plugin-macros@3.1.0_babel_b1918157dc92fc64ab4dbbaff56140d4/node_modules/next/dist/compiled/next-server/app-page-turbo.runtime.dev.js:2:213093)
    at renderElement (/Users/kristofferohnstadhjelmeland/utekos-headless/node_modules/.pnpm/next@16.2.9_@babel+core@7.29.7_@opentelemetry+api@1.9.1_babel-plugin-macros@3.1.0_babel_b1918157dc92fc64ab4dbbaff56140d4/node_modules/next/dist/compiled/next-server/app-page-turbo.runtime.dev.js:2:181773)
    at retryNode (/Users/kristofferohnstadhjelmeland/utekos-headless/node_modules/.pnpm/next@16.2.9_@babel+core@7.29.7_@opentelemetry+api@1.9.1_babel-plugin-macros@3.1.0_babel_b1918157dc92fc64ab4dbbaff56140d4/node_modules/next/dist/compiled/next-server/app-page-turbo.runtime.dev.js:2:201940)
    at renderNodeDestructive (/Users/kristofferohnstadhjelmeland/utekos-headless/node_modules/.pnpm/next@16.2.9_@babel+core@7.29.7_@opentelemetry+api@1.9.1_babel-plugin-macros@3.1.0_babel_b1918157dc92fc64ab4dbbaff56140d4/node_modules/next/dist/compiled/next-server/app-page-turbo.runtime.dev.js:2:201175)
    at renderNode (/Users/kristofferohnstadhjelmeland/utekos-headless/node_modules/.pnpm/next@16.2.9_@babel+core@7.29.7_@opentelemetry+api@1.9.1_babel-plugin-macros@3.1.0_babel_b1918157dc92fc64ab4dbbaff56140d4/node_modules/next/dist/compiled/next-server/app-page-turbo.runtime.dev.js:2:213093)
    at renderElement (/Users/kristofferohnstadhjelmeland/utekos-headless/node_modules/.pnpm/next@16.2.9_@babel+core@7.29.7_@opentelemetry+api@1.9.1_babel-plugin-macros@3.1.0_babel_b1918157dc92fc64ab4dbbaff56140d4/node_modules/next/dist/compiled/next-server/app-page-turbo.runtime.dev.js:2:181773)
    at retryNode (/Users/kristofferohnstadhjelmeland/utekos-headless/node_modules/.pnpm/next@16.2.9_@babel+core@7.29.7_@opentelemetry+api@1.9.1_babel-plugin-macros@3.1.0_babel_b1918157dc92fc64ab4dbbaff56140d4/node_modules/next/dist/compiled/next-server/app-page-turbo.runtime.dev.js:2:201940)
    at renderNodeDestructive (/Users/kristofferohnstadhjelmeland/utekos-headless/node_modules/.pnpm/next@16.2.9_@babel+core@7.29.7_@opentelemetry+api@1.9.1_babel-plugin-macros@3.1.0_babel_b1918157dc92fc64ab4dbbaff56140d4/node_modules/next/dist/compiled/next-server/app-page-turbo.runtime.dev.js:2:201175)
    at finishFunctionComponent (/Users/kristofferohnstadhjelmeland/utekos-headless/node_modules/.pnpm/next@16.2.9_@babel+core@7.29.7_@opentelemetry+api@1.9.1_babel-plugin-macros@3.1.0_babel_b1918157dc92fc64ab4dbbaff56140d4/node_modules/next/dist/compiled/next-server/app-page-turbo.runtime.dev.js:2:119349)
    at renderElement (/Users/kristofferohnstadhjelmeland/utekos-headless/node_modules/.pnpm/next@16.2.9_@babel+core@7.29.7_@opentelemetry+api@1.9.1_babel-plugin-macros@3.1.0_babel_b1918157dc92fc64ab4dbbaff56140d4/node_modules/next/dist/compiled/next-server/app-page-turbo.runtime.dev.js:2:134520)
    at retryNode (/Users/kristofferohnstadhjelmeland/utekos-headless/node_modules/.pnpm/next@16.2.9_@babel+core@7.29.7_@opentelemetry+api@1.9.1_babel-plugin-macros@3.1.0_babel_b1918157dc92fc64ab4dbbaff56140d4/node_modules/next/dist/compiled/next-server/app-page-turbo.runtime.dev.js:2:201940)
    at renderNodeDestructive (/Users/kristofferohnstadhjelmeland/utekos-headless/node_modules/.pnpm/next@16.2.9_@babel+core@7.29.7_@opentelemetry+api@1.9.1_babel-plugin-macros@3.1.0_babel_b1918157dc92fc64ab4dbbaff56140d4/node_modules/next/dist/compiled/next-server/app-page-turbo.runtime.dev.js:2:201175)
    at finishFunctionComponent (/Users/kristofferohnstadhjelmeland/utekos-headless/node_modules/.pnpm/next@16.2.9_@babel+core@7.29.7_@opentelemetry+api@1.9.1_babel-plugin-macros@3.1.0_babel_b1918157dc92fc64ab4dbbaff56140d4/node_modules/next/dist/compiled/next-server/app-page-turbo.runtime.dev.js:2:119349)
    at renderElement (/Users/kristofferohnstadhjelmeland/utekos-headless/node_modules/.pnpm/next@16.2.9_@babel+core@7.29.7_@opentelemetry+api@1.9.1_babel-plugin-macros@3.1.0_babel_b1918157dc92fc64ab4dbbaff56140d4/node_modules/next/dist/compiled/next-server/app-page-turbo.runtime.dev.js:2:134520)
    at renderElement (/Users/kristofferohnstadhjelmeland/utekos-headless/node_modules/.pnpm/next@16.2.9_@babel+core@7.29.7_@opentelemetry+api@1.9.1_babel-plugin-macros@3.1.0_babel_b1918157dc92fc64ab4dbbaff56140d4/node_modules/next/dist/compiled/next-server/app-page-turbo.runtime.dev.js:2:194974)
    at retryNode (/Users/kristofferohnstadhjelmeland/utekos-headless/node_modules/.pnpm/next@16.2.9_@babel+core@7.29.7_@opentelemetry+api@1.9.1_babel-plugin-macros@3.1.0_babel_b1918157dc92fc64ab4dbbaff56140d4/node_modules/next/dist/compiled/next-server/app-page-turbo.runtime.dev.js:2:201940)
    at renderNodeDestructive (/Users/kristofferohnstadhjelmeland/utekos-headless/node_modules/.pnpm/next@16.2.9_@babel+core@7.29.7_@opentelemetry+api@1.9.1_babel-plugin-macros@3.1.0_babel_b1918157dc92fc64ab4dbbaff56140d4/node_modules/next/dist/compiled/next-server/app-page-turbo.runtime.dev.js:2:201175)
    at renderNode (/Users/kristofferohnstadhjelmeland/utekos-headless/node_modules/.pnpm/next@16.2.9_@babel+core@7.29.7_@opentelemetry+api@1.9.1_babel-plugin-macros@3.1.0_babel_b1918157dc92fc64ab4dbbaff56140d4/node_modules/next/dist/compiled/next-server/app-page-turbo.runtime.dev.js:2:213093)
    at renderChildrenArray (/Users/kristofferohnstadhjelmeland/utekos-headless/node_modules/.pnpm/next@16.2.9_@babel+core@7.29.7_@opentelemetry+api@1.9.1_babel-plugin-macros@3.1.0_babel_b1918157dc92fc64ab4dbbaff56140d4/node_modules/next/dist/compiled/next-server/app-page-turbo.runtime.dev.js:2:207654)
    at retryNode (/Users/kristofferohnstadhjelmeland/utekos-headless/node_modules/.pnpm/next@16.2.9_@babel+core@7.29.7_@opentelemetry+api@1.9.1_babel-plugin-macros@3.1.0_babel_b1918157dc92fc64ab4dbbaff56140d4/node_modules/next/dist/compiled/next-server/app-page-turbo.runtime.dev.js:2:202417)
    at renderNodeDestructive (/Users/kristofferohnstadhjelmeland/utekos-headless/node_modules/.pnpm/next@16.2.9_@babel+core@7.29.7_@opentelemetry+api@1.9.1_babel-plugin-macros@3.1.0_babel_b1918157dc92fc64ab4dbbaff56140d4/node_modules/next/dist/compiled/next-server/app-page-turbo.runtime.dev.js:2:201175)
    at renderNode (/Users/kristofferohnstadhjelmeland/utekos-headless/node_modules/.pnpm/next@16.2.9_@babel+core@7.29.7_@opentelemetry+api@1.9.1_babel-plugin-macros@3.1.0_babel_b1918157dc92fc64ab4dbbaff56140d4/node_modules/next/dist/compiled/next-server/app-page-turbo.runtime.dev.js:2:213093)
    at renderElement (/Users/kristofferohnstadhjelmeland/utekos-headless/node_modules/.pnpm/next@16.2.9_@babel+core@7.29.7_@opentelemetry+api@1.9.1_babel-plugin-macros@3.1.0_babel_b1918157dc92fc64ab4dbbaff56140d4/node_modules/next/dist/compiled/next-server/app-page-turbo.runtime.dev.js:2:181773)
    at retryNode (/Users/kristofferohnstadhjelmeland/utekos-headless/node_modules/.pnpm/next@16.2.9_@babel+core@7.29.7_@opentelemetry+api@1.9.1_babel-plugin-macros@3.1.0_babel_b1918157dc92fc64ab4dbbaff56140d4/node_modules/next/dist/compiled/next-server/app-page-turbo.runtime.dev.js:2:201940)
    at renderNodeDestructive (/Users/kristofferohnstadhjelmeland/utekos-headless/node_modules/.pnpm/next@16.2.9_@babel+core@7.29.7_@opentelemetry+api@1.9.1_babel-plugin-macros@3.1.0_babel_b1918157dc92fc64ab4dbbaff56140d4/node_modules/next/dist/compiled/next-server/app-page-turbo.runtime.dev.js:2:201175)
    at renderNode (/Users/kristofferohnstadhjelmeland/utekos-headless/node_modules/.pnpm/next@16.2.9_@babel+core@7.29.7_@opentelemetry+api@1.9.1_babel-plugin-macros@3.1.0_babel_b1918157dc92fc64ab4dbbaff56140d4/node_modules/next/dist/compiled/next-server/app-page-turbo.runtime.dev.js:2:213093)
    at renderElement (/Users/kristofferohnstadhjelmeland/utekos-headless/node_modules/.pnpm/next@16.2.9_@babel+core@7.29.7_@opentelemetry+api@1.9.1_babel-plugin-macros@3.1.0_babel_b1918157dc92fc64ab4dbbaff56140d4/node_modules/next/dist/compiled/next-server/app-page-turbo.runtime.dev.js:2:181773)
    at retryNode (/Users/kristofferohnstadhjelmeland/utekos-headless/node_modules/.pnpm/next@16.2.9_@babel+core@7.29.7_@opentelemetry+api@1.9.1_babel-plugin-macros@3.1.0_babel_b1918157dc92fc64ab4dbbaff56140d4/node_modules/next/dist/compiled/next-server/app-page-turbo.runtime.dev.js:2:201940)
    at renderNodeDestructive (/Users/kristofferohnstadhjelmeland/utekos-headless/node_modules/.pnpm/next@16.2.9_@babel+core@7.29.7_@opentelemetry+api@1.9.1_babel-plugin-macros@3.1.0_babel_b1918157dc92fc64ab4dbbaff56140d4/node_modules/next/dist/compiled/next-server/app-page-turbo.runtime.dev.js:2:201175)
    at renderNode (/Users/kristofferohnstadhjelmeland/utekos-headless/node_modules/.pnpm/next@16.2.9_@babel+core@7.29.7_@opentelemetry+api@1.9.1_babel-plugin-macros@3.1.0_babel_b1918157dc92fc64ab4dbbaff56140d4/node_modules/next/dist/compiled/next-server/app-page-turbo.runtime.dev.js:2:213093)
    at renderChildrenArray (/Users/kristofferohnstadhjelmeland/utekos-headless/node_modules/.pnpm/next@16.2.9_@babel+core@7.29.7_@opentelemetry+api@1.9.1_babel-plugin-macros@3.1.0_babel_b1918157dc92fc64ab4dbbaff56140d4/node_modules/next/dist/compiled/next-server/app-page-turbo.runtime.dev.js:2:207654)
    at retryNode (/Users/kristofferohnstadhjelmeland/utekos-headless/node_modules/.pnpm/next@16.2.9_@babel+core@7.29.7_@opentelemetry+api@1.9.1_babel-plugin-macros@3.1.0_babel_b1918157dc92fc64ab4dbbaff56140d4/node_modules/next/dist/compiled/next-server/app-page-turbo.runtime.dev.js:2:202417)
    at renderNodeDestructive (/Users/kristofferohnstadhjelmeland/utekos-headless/node_modules/.pnpm/next@16.2.9_@babel+core@7.29.7_@opentelemetry+api@1.9.1_babel-plugin-macros@3.1.0_babel_b1918157dc92fc64ab4dbbaff56140d4/node_modules/next/dist/compiled/next-server/app-page-turbo.runtime.dev.js:2:201175)
    at renderElement (/Users/kristofferohnstadhjelmeland/utekos-headless/node_modules/.pnpm/next@16.2.9_@babel+core@7.29.7_@opentelemetry+api@1.9.1_babel-plugin-macros@3.1.0_babel_b1918157dc92fc64ab4dbbaff56140d4/node_modules/next/dist/compiled/next-server/app-page-turbo.runtime.dev.js:2:182673)
    at retryNode (/Users/kristofferohnstadhjelmeland/utekos-headless/node_modules/.pnpm/next@16.2.9_@babel+core@7.29.7_@opentelemetry+api@1.9.1_babel-plugin-macros@3.1.0_babel_b1918157dc92fc64ab4dbbaff56140d4/node_modules/next/dist/compiled/next-server/app-page-turbo.runtime.dev.js:2:201940)
    at renderNodeDestructive (/Users/kristofferohnstadhjelmeland/utekos-headless/node_modules/.pnpm/next@16.2.9_@babel+core@7.29.7_@opentelemetry+api@1.9.1_babel-plugin-macros@3.1.0_babel_b1918157dc92fc64ab4dbbaff56140d4/node_modules/next/dist/compiled/next-server/app-page-turbo.runtime.dev.js:2:201175)
    at finishFunctionComponent (/Users/kristofferohnstadhjelmeland/utekos-headless/node_modules/.pnpm/next@16.2.9_@babel+core@7.29.7_@opentelemetry+api@1.9.1_babel-plugin-macros@3.1.0_babel_b1918157dc92fc64ab4dbbaff56140d4/node_modules/next/dist/compiled/next-server/app-page-turbo.runtime.dev.js:2:119349)
    at renderElement (/Users/kristofferohnstadhjelmeland/utekos-headless/node_modules/.pnpm/next@16.2.9_@babel+core@7.29.7_@opentelemetry+api@1.9.1_babel-plugin-macros@3.1.0_babel_b1918157dc92fc64ab4dbbaff56140d4/node_modules/next/dist/compiled/next-server/app-page-turbo.runtime.dev.js:2:134520)
    at renderElement (/Users/kristofferohnstadhjelmeland/utekos-headless/node_modules/.pnpm/next@16.2.9_@babel+core@7.29.7_@opentelemetry+api@1.9.1_babel-plugin-macros@3.1.0_babel_b1918157dc92fc64ab4dbbaff56140d4/node_modules/next/dist/compiled/next-server/app-page-turbo.runtime.dev.js:2:194974)
    at retryNode (/Users/kristofferohnstadhjelmeland/utekos-headless/node_modules/.pnpm/next@16.2.9_@babel+core@7.29.7_@opentelemetry+api@1.9.1_babel-plugin-macros@3.1.0_babel_b1918157dc92fc64ab4dbbaff56140d4/node_modules/next/dist/compiled/next-server/app-page-turbo.runtime.dev.js:2:201940)
    at renderNodeDestructive (/Users/kristofferohnstadhjelmeland/utekos-headless/node_modules/.pnpm/next@16.2.9_@babel+core@7.29.7_@opentelemetry+api@1.9.1_babel-plugin-macros@3.1.0_babel_b1918157dc92fc64ab4dbbaff56140d4/node_modules/next/dist/compiled/next-server/app-page-turbo.runtime.dev.js:2:201175)
    at renderElement (/Users/kristofferohnstadhjelmeland/utekos-headless/node_modules/.pnpm/next@16.2.9_@babel+core@7.29.7_@opentelemetry+api@1.9.1_babel-plugin-macros@3.1.0_babel_b1918157dc92fc64ab4dbbaff56140d4/node_modules/next/dist/compiled/next-server/app-page-turbo.runtime.dev.js:2:193338)
    at retryNode (/Users/kristofferohnstadhjelmeland/utekos-headless/node_modules/.pnpm/next@16.2.9_@babel+core@7.29.7_@opentelemetry+api@1.9.1_babel-plugin-macros@3.1.0_babel_b1918157dc92fc64ab4dbbaff56140d4/node_modules/next/dist/compiled/next-server/app-page-turbo.runtime.dev.js:2:201940)
    at renderNodeDestructive (/Users/kristofferohnstadhjelmeland/utekos-headless/node_modules/.pnpm/next@16.2.9_@babel+core@7.29.7_@opentelemetry+api@1.9.1_babel-plugin-macros@3.1.0_babel_b1918157dc92fc64ab4dbbaff56140d4/node_modules/next/dist/compiled/next-server/app-page-turbo.runtime.dev.js:2:201175)
[  585463ms] [LOG] [Fast Refresh] rebuilding @ http://localhost:3000/_next/static/chunks/17tk_%40sentry_core_build_esm_0ff6m-w._.js:8898
[  586199ms] [LOG] [Fast Refresh] done in 837ms @ http://localhost:3000/_next/static/chunks/17tk_%40sentry_core_build_esm_0ff6m-w._.js:8898
[  588515ms] [ERROR] Encountered a script tag while rendering React component. Scripts inside React components are never executed when rendering on the client. Consider using template tag instead (https://developer.mozilla.org/en-US/docs/Web/HTML/Element/template). @ http://localhost:3000/_next/static/chunks/17tk_%40sentry_core_build_esm_0ff6m-w._.js:8898
[  588635ms] [ERROR] [instrumentation-client] client_error {event: client_error, level: error, data: Object, context: Object} @ http://localhost:3000/_next/static/chunks/17tk_%40sentry_core_build_esm_0ff6m-w._.js:8898
[  588659ms] ReferenceError: TypographyH2 is not defined
    at NewsletterForm (http://localhost:3000/_next/static/chunks/src_045155-._.js:2262:432)
    at Object.react_stack_bottom_frame (http://localhost:3000/_next/static/chunks/0ss6_next_dist_compiled_react-dom_1cw7ija._.js:15037:24)
    at renderWithHooks (http://localhost:3000/_next/static/chunks/0ss6_next_dist_compiled_react-dom_1cw7ija._.js:4620:24)
    at updateFunctionComponent (http://localhost:3000/_next/static/chunks/0ss6_next_dist_compiled_react-dom_1cw7ija._.js:6081:21)
    at beginWork (http://localhost:3000/_next/static/chunks/0ss6_next_dist_compiled_react-dom_1cw7ija._.js:6691:24)
    at runWithFiberInDEV (http://localhost:3000/_next/static/chunks/0ss6_next_dist_compiled_react-dom_1cw7ija._.js:965:74)
    at performUnitOfWork (http://localhost:3000/_next/static/chunks/0ss6_next_dist_compiled_react-dom_1cw7ija._.js:9555:97)
    at workLoopSync (http://localhost:3000/_next/static/chunks/0ss6_next_dist_compiled_react-dom_1cw7ija._.js:9449:40)
    at renderRootSync (http://localhost:3000/_next/static/chunks/0ss6_next_dist_compiled_react-dom_1cw7ija._.js:9433:13)
    at performWorkOnRoot (http://localhost:3000/_next/static/chunks/0ss6_next_dist_compiled_react-dom_1cw7ija._.js:9098:47)
    at performWorkOnRootViaSchedulerTask (http://localhost:3000/_next/static/chunks/0ss6_next_dist_compiled_react-dom_1cw7ija._.js:10255:9)
    at MessagePort.performWorkUntilDeadline (http://localhost:3000/_next/static/chunks/0ss6_next_dist_compiled_0atciur._.js:3289:64)
[  588743ms] [LOG] [Fast Refresh] rebuilding @ http://localhost:3000/_next/static/chunks/17tk_%40sentry_core_build_esm_0ff6m-w._.js:8898
[  588783ms] [LOG] [Fast Refresh] done in 140ms @ http://localhost:3000/_next/static/chunks/17tk_%40sentry_core_build_esm_0ff6m-w._.js:8898
[  596536ms] [LOG] [Fast Refresh] rebuilding @ http://localhost:3000/_next/static/chunks/17tk_%40sentry_core_build_esm_0ff6m-w._.js:8898
[  596803ms] [WARNING] [Fast Refresh] performing full reload because your application had an unrecoverable error @ http://localhost:3000/_next/static/chunks/17tk_%40sentry_core_build_esm_0ff6m-w._.js:8898
[  596880ms] [WARNING] [Fast Refresh] performing full reload because your application had an unrecoverable error @ http://localhost:3000/_next/static/chunks/17tk_%40sentry_core_build_esm_0ff6m-w._.js:8898
[  596924ms] [LOG] [Fast Refresh] done in 445ms @ http://localhost:3000/_next/static/chunks/17tk_%40sentry_core_build_esm_0ff6m-w._.js:8898
[  597114ms] [LOG] [Fast Refresh] rebuilding @ http://localhost:3000/_next/static/chunks/17tk_%40sentry_core_build_esm_0ff6m-w._.js:8898
[  597122ms] [LOG] [Fast Refresh] done in 109ms @ http://localhost:3000/_next/static/chunks/17tk_%40sentry_core_build_esm_0ff6m-w._.js:8898
[  597287ms] [LOG] [Fast Refresh] rebuilding @ http://localhost:3000/_next/static/chunks/17tk_%40sentry_core_build_esm_0ff6m-w._.js:8898
[  597511ms] [LOG] [Fast Refresh] done in 325ms @ http://localhost:3000/_next/static/chunks/17tk_%40sentry_core_build_esm_0ff6m-w._.js:8898
[  598154ms] [INFO] %cDownload the React DevTools for a better development experience: https://react.dev/link/react-devtools font-weight:bold @ http://localhost:3000/_next/static/chunks/17tk_%40sentry_core_build_esm_0ff6m-w._.js:8898
[  598208ms] [LOG] [HMR] connected @ http://localhost:3000/_next/static/chunks/17tk_%40sentry_core_build_esm_0ff6m-w._.js:8898
[  598541ms] [LOG] [Fast Refresh] rebuilding @ http://localhost:3000/_next/static/chunks/17tk_%40sentry_core_build_esm_0ff6m-w._.js:8898
[  598697ms] [LOG] [Fast Refresh] done in 257ms @ http://localhost:3000/_next/static/chunks/17tk_%40sentry_core_build_esm_0ff6m-w._.js:8898
[  598824ms] [LOG] [Fast Refresh] rebuilding @ http://localhost:3000/_next/static/chunks/17tk_%40sentry_core_build_esm_0ff6m-w._.js:8898
[  598831ms] [LOG] [Fast Refresh] done in 109ms @ http://localhost:3000/_next/static/chunks/17tk_%40sentry_core_build_esm_0ff6m-w._.js:8898
[  601863ms] [LOG] [Fast Refresh] rebuilding @ http://localhost:3000/_next/static/chunks/17tk_%40sentry_core_build_esm_0ff6m-w._.js:8898
[  601944ms] [LOG] [Fast Refresh] done in 182ms @ http://localhost:3000/_next/static/chunks/17tk_%40sentry_core_build_esm_0ff6m-w._.js:8898
[  602067ms] [INFO] [web-vitals] {type: web-vital, id: v4-1782858944524-1100595998025, name: FCP, value: 1292, delta: 1292} @ http://localhost:3000/_next/static/chunks/17tk_%40sentry_core_build_esm_0ff6m-w._.js:8898
[  602067ms] [INFO] [web-vitals] {type: web-vital, id: v4-1782858944525-3469565001030, name: FCP, value: 1292, delta: 1292} @ http://localhost:3000/_next/static/chunks/17tk_%40sentry_core_build_esm_0ff6m-w._.js:8898
[  602068ms] [INFO] [web-vitals] {type: web-vital, id: v4-1782858944524-5622324433312, name: TTFB, value: 830.6999999880791, delta: 830.6999999880791} @ http://localhost:3000/_next/static/chunks/17tk_%40sentry_core_build_esm_0ff6m-w._.js:8898
[  602068ms] [INFO] [web-vitals] {type: web-vital, id: v4-1782858944525-2212788615754, name: TTFB, value: 830.6999999880791, delta: 830.6999999880791} @ http://localhost:3000/_next/static/chunks/17tk_%40sentry_core_build_esm_0ff6m-w._.js:8898
[  628083ms] [LOG] [Fast Refresh] rebuilding @ http://localhost:3000/_next/static/chunks/17tk_%40sentry_core_build_esm_0ff6m-w._.js:8898
[  628369ms] [LOG] [Fast Refresh] done in 320ms @ http://localhost:3000/_next/static/chunks/17tk_%40sentry_core_build_esm_0ff6m-w._.js:8898
[  672888ms] [LOG] [Fast Refresh] rebuilding @ http://localhost:3000/_next/static/chunks/17tk_%40sentry_core_build_esm_0ff6m-w._.js:8898
[  673098ms] [LOG] [Fast Refresh] done in 288ms @ http://localhost:3000/_next/static/chunks/17tk_%40sentry_core_build_esm_0ff6m-w._.js:8898
[  742320ms] [LOG] [Fast Refresh] rebuilding @ http://localhost:3000/_next/static/chunks/17tk_%40sentry_core_build_esm_0ff6m-w._.js:8898
[  742908ms] [LOG] [Fast Refresh] done in 661ms @ http://localhost:3000/_next/static/chunks/17tk_%40sentry_core_build_esm_0ff6m-w._.js:8898
[  753699ms] [LOG] [Fast Refresh] rebuilding @ http://localhost:3000/_next/static/chunks/17tk_%40sentry_core_build_esm_0ff6m-w._.js:8898
[  754178ms] [LOG] [Fast Refresh] done in 555ms @ http://localhost:3000/_next/static/chunks/17tk_%40sentry_core_build_esm_0ff6m-w._.js:8898
[  788931ms] [LOG] [Fast Refresh] rebuilding @ http://localhost:3000/_next/static/chunks/17tk_%40sentry_core_build_esm_0ff6m-w._.js:8898
[  789406ms] [LOG] [Fast Refresh] done in 557ms @ http://localhost:3000/_next/static/chunks/17tk_%40sentry_core_build_esm_0ff6m-w._.js:8898
[  801050ms] [LOG] [Fast Refresh] rebuilding @ http://localhost:3000/_next/static/chunks/17tk_%40sentry_core_build_esm_0ff6m-w._.js:8898
[  801282ms] [LOG] [Fast Refresh] done in 312ms @ http://localhost:3000/_next/static/chunks/17tk_%40sentry_core_build_esm_0ff6m-w._.js:8898
[  871605ms] [LOG] [Fast Refresh] rebuilding @ http://localhost:3000/_next/static/chunks/17tk_%40sentry_core_build_esm_0ff6m-w._.js:8898
[  871852ms] [LOG] [Fast Refresh] done in 325ms @ http://localhost:3000/_next/static/chunks/17tk_%40sentry_core_build_esm_0ff6m-w._.js:8898
[  906686ms] [LOG] [Fast Refresh] rebuilding @ http://localhost:3000/_next/static/chunks/17tk_%40sentry_core_build_esm_0ff6m-w._.js:8898
[  906988ms] [LOG] [Fast Refresh] done in 376ms @ http://localhost:3000/_next/static/chunks/17tk_%40sentry_core_build_esm_0ff6m-w._.js:8898
[ 1096776ms] [LOG] [Fast Refresh] rebuilding @ http://localhost:3000/_next/static/chunks/17tk_%40sentry_core_build_esm_0ff6m-w._.js:8898
[ 1096992ms] [LOG] [Fast Refresh] done in 318ms @ http://localhost:3000/_next/static/chunks/17tk_%40sentry_core_build_esm_0ff6m-w._.js:8898
[ 1099247ms] [LOG] [Fast Refresh] rebuilding @ http://localhost:3000/_next/static/chunks/17tk_%40sentry_core_build_esm_0ff6m-w._.js:8898
[ 1099338ms] [LOG] [Fast Refresh] done in 191ms @ http://localhost:3000/_next/static/chunks/17tk_%40sentry_core_build_esm_0ff6m-w._.js:8898
[ 1114271ms] [LOG] [Fast Refresh] rebuilding @ http://localhost:3000/_next/static/chunks/17tk_%40sentry_core_build_esm_0ff6m-w._.js:8898
[ 1114720ms] [LOG] [Fast Refresh] done in 555ms @ http://localhost:3000/_next/static/chunks/17tk_%40sentry_core_build_esm_0ff6m-w._.js:8898
[ 1146532ms] [LOG] [Fast Refresh] rebuilding @ http://localhost:3000/_next/static/chunks/17tk_%40sentry_core_build_esm_0ff6m-w._.js:8898
[ 1146705ms] [LOG] [Fast Refresh] done in 275ms @ http://localhost:3000/_next/static/chunks/17tk_%40sentry_core_build_esm_0ff6m-w._.js:8898
[ 1193776ms] [LOG] [Fast Refresh] rebuilding @ http://localhost:3000/_next/static/chunks/17tk_%40sentry_core_build_esm_0ff6m-w._.js:8898
[ 1194008ms] [LOG] [Fast Refresh] done in 334ms @ http://localhost:3000/_next/static/chunks/17tk_%40sentry_core_build_esm_0ff6m-w._.js:8898
[ 1242918ms] [LOG] [Fast Refresh] rebuilding @ http://localhost:3000/_next/static/chunks/17tk_%40sentry_core_build_esm_0ff6m-w._.js:8898
[ 1243033ms] [LOG] [Fast Refresh] done in 216ms @ http://localhost:3000/_next/static/chunks/17tk_%40sentry_core_build_esm_0ff6m-w._.js:8898
[ 1308226ms] [LOG] [Fast Refresh] rebuilding @ http://localhost:3000/_next/static/chunks/17tk_%40sentry_core_build_esm_0ff6m-w._.js:8898
[ 1308379ms] [LOG] [Fast Refresh] done in 254ms @ http://localhost:3000/_next/static/chunks/17tk_%40sentry_core_build_esm_0ff6m-w._.js:8898
[ 1329473ms] [LOG] [Fast Refresh] rebuilding @ http://localhost:3000/_next/static/chunks/17tk_%40sentry_core_build_esm_0ff6m-w._.js:8898
[ 1329606ms] [LOG] [Fast Refresh] done in 234ms @ http://localhost:3000/_next/static/chunks/17tk_%40sentry_core_build_esm_0ff6m-w._.js:8898
[ 1624540ms] [LOG] [Fast Refresh] rebuilding @ http://localhost:3000/_next/static/chunks/17tk_%40sentry_core_build_esm_0ff6m-w._.js:8898
[ 1625955ms] [LOG] [Fast Refresh] done in 1471ms @ http://localhost:3000/_next/static/chunks/17tk_%40sentry_core_build_esm_0ff6m-w._.js:8898
[ 1641119ms] [LOG] [Fast Refresh] rebuilding @ http://localhost:3000/_next/static/chunks/17tk_%40sentry_core_build_esm_0ff6m-w._.js:8898
[ 1641656ms] [LOG] [Fast Refresh] done in 615ms @ http://localhost:3000/_next/static/chunks/17tk_%40sentry_core_build_esm_0ff6m-w._.js:8898
